[0.718s] Invoking command in '/home/monu/drone_ws/build/drone_control': PYTHONPATH=/home/monu/drone_ws/build/drone_control/prefix_override:/usr/lib/python3/dist-packages/colcon_core/task/python/colcon_distutils_commands:/home/monu/drone_ws/install/drone_control/lib/python3.10/site-packages:${PYTHONPATH} /usr/bin/python3 -W ignore:setup.py install is deprecated -W ignore:easy_install command is deprecated setup.py develop --uninstall --editable --build-directory /home/monu/drone_ws/build/drone_control/build
[0.992s] running develop
[1.144s] Removing /home/monu/drone_ws/install/drone_control/lib/python3.10/site-packages/drone-control.egg-link (link to .)
[1.187s] Invoked command in '/home/monu/drone_ws/build/drone_control' returned '0': PYTHONPATH=/home/monu/drone_ws/build/drone_control/prefix_override:/usr/lib/python3/dist-packages/colcon_core/task/python/colcon_distutils_commands:/home/monu/drone_ws/install/drone_control/lib/python3.10/site-packages:${PYTHONPATH} /usr/bin/python3 -W ignore:setup.py install is deprecated -W ignore:easy_install command is deprecated setup.py develop --uninstall --editable --build-directory /home/monu/drone_ws/build/drone_control/build
[1.189s] Invoking command in '/home/monu/drone_ws/src/drone_control': PYTHONPATH=/home/monu/drone_ws/build/drone_control/prefix_override:/usr/lib/python3/dist-packages/colcon_core/task/python/colcon_distutils_commands:/home/monu/drone_ws/install/drone_control/lib/python3.10/site-packages:${PYTHONPATH} /usr/bin/python3 -W ignore:setup.py install is deprecated -W ignore:easy_install command is deprecated setup.py egg_info --egg-base ../../build/drone_control build --build-base /home/monu/drone_ws/build/drone_control/build install --record /home/monu/drone_ws/build/drone_control/install.log --single-version-externally-managed
[1.444s] running egg_info
[1.445s] writing ../../build/drone_control/drone_control.egg-info/PKG-INFO
[1.445s] writing dependency_links to ../../build/drone_control/drone_control.egg-info/dependency_links.txt
[1.445s] writing entry points to ../../build/drone_control/drone_control.egg-info/entry_points.txt
[1.446s] writing requirements to ../../build/drone_control/drone_control.egg-info/requires.txt
[1.446s] writing top-level names to ../../build/drone_control/drone_control.egg-info/top_level.txt
[1.448s] reading manifest file '../../build/drone_control/drone_control.egg-info/SOURCES.txt'
[1.449s] writing manifest file '../../build/drone_control/drone_control.egg-info/SOURCES.txt'
[1.449s] running build
[1.449s] running build_py
[1.449s] creating /home/monu/drone_ws/build/drone_control/build
[1.449s] creating /home/monu/drone_ws/build/drone_control/build/lib
[1.449s] creating /home/monu/drone_ws/build/drone_control/build/lib/drone_control
[1.449s] copying drone_control/takeoff_node.py -> /home/monu/drone_ws/build/drone_control/build/lib/drone_control
[1.449s] copying drone_control/__init__.py -> /home/monu/drone_ws/build/drone_control/build/lib/drone_control
[1.450s] copying drone_control/avoidance_node.py -> /home/monu/drone_ws/build/drone_control/build/lib/drone_control
[1.450s] copying drone_control/lidar_processor.py -> /home/monu/drone_ws/build/drone_control/build/lib/drone_control
[1.450s] running install
[1.451s] running install_lib
[1.451s] creating /home/monu/drone_ws/install/drone_control/lib/python3.10/site-packages/drone_control
[1.452s] copying /home/monu/drone_ws/build/drone_control/build/lib/drone_control/takeoff_node.py -> /home/monu/drone_ws/install/drone_control/lib/python3.10/site-packages/drone_control
[1.452s] copying /home/monu/drone_ws/build/drone_control/build/lib/drone_control/__init__.py -> /home/monu/drone_ws/install/drone_control/lib/python3.10/site-packages/drone_control
[1.452s] copying /home/monu/drone_ws/build/drone_control/build/lib/drone_control/avoidance_node.py -> /home/monu/drone_ws/install/drone_control/lib/python3.10/site-packages/drone_control
[1.452s] copying /home/monu/drone_ws/build/drone_control/build/lib/drone_control/lidar_processor.py -> /home/monu/drone_ws/install/drone_control/lib/python3.10/site-packages/drone_control
[1.453s] byte-compiling /home/monu/drone_ws/install/drone_control/lib/python3.10/site-packages/drone_control/takeoff_node.py to takeoff_node.cpython-310.pyc
[1.454s] Sorry: IndentationError: expected an indented block after function definition on line 37 (takeoff_node.py, line 38)
[1.454s] byte-compiling /home/monu/drone_ws/install/drone_control/lib/python3.10/site-packages/drone_control/__init__.py to __init__.cpython-310.pyc
[1.454s] byte-compiling /home/monu/drone_ws/install/drone_control/lib/python3.10/site-packages/drone_control/avoidance_node.py to avoidance_node.cpython-310.pyc
[1.455s] byte-compiling /home/monu/drone_ws/install/drone_control/lib/python3.10/site-packages/drone_control/lidar_processor.py to lidar_processor.cpython-310.pyc
[1.455s] running install_egg_info
[1.458s] Copying ../../build/drone_control/drone_control.egg-info to /home/monu/drone_ws/install/drone_control/lib/python3.10/site-packages/drone_control-0.0.1-py3.10.egg-info
[1.459s] running install_scripts
[1.484s] Installing avoidance_node script to /home/monu/drone_ws/install/drone_control/lib/drone_control
[1.484s] Installing lidar_processor script to /home/monu/drone_ws/install/drone_control/lib/drone_control
[1.484s] Installing takeoff_node script to /home/monu/drone_ws/install/drone_control/lib/drone_control
[1.484s] writing list of installed files to '/home/monu/drone_ws/build/drone_control/install.log'
[1.531s] Invoked command in '/home/monu/drone_ws/src/drone_control' returned '0': PYTHONPATH=/home/monu/drone_ws/build/drone_control/prefix_override:/usr/lib/python3/dist-packages/colcon_core/task/python/colcon_distutils_commands:/home/monu/drone_ws/install/drone_control/lib/python3.10/site-packages:${PYTHONPATH} /usr/bin/python3 -W ignore:setup.py install is deprecated -W ignore:easy_install command is deprecated setup.py egg_info --egg-base ../../build/drone_control build --build-base /home/monu/drone_ws/build/drone_control/build install --record /home/monu/drone_ws/build/drone_control/install.log --single-version-externally-managed
