[0.706s] Invoking command in '/home/monu/drone_ws/src/drone_control': PYTHONPATH=/home/monu/drone_ws/build/drone_control/prefix_override:/usr/lib/python3/dist-packages/colcon_core/task/python/colcon_distutils_commands:/home/monu/drone_ws/install/drone_control/lib/python3.10/site-packages:${PYTHONPATH} /usr/bin/python3 -W ignore:setup.py install is deprecated -W ignore:easy_install command is deprecated setup.py egg_info --egg-base ../../build/drone_control build --build-base /home/monu/drone_ws/build/drone_control/build install --record /home/monu/drone_ws/build/drone_control/install.log --single-version-externally-managed
[0.953s] running egg_info
[0.954s] writing ../../build/drone_control/drone_control.egg-info/PKG-INFO
[0.954s] writing dependency_links to ../../build/drone_control/drone_control.egg-info/dependency_links.txt
[0.954s] writing entry points to ../../build/drone_control/drone_control.egg-info/entry_points.txt
[0.954s] writing requirements to ../../build/drone_control/drone_control.egg-info/requires.txt
[0.954s] writing top-level names to ../../build/drone_control/drone_control.egg-info/top_level.txt
[0.957s] reading manifest file '../../build/drone_control/drone_control.egg-info/SOURCES.txt'
[0.957s] writing manifest file '../../build/drone_control/drone_control.egg-info/SOURCES.txt'
[0.958s] running build
[0.958s] running build_py
[0.958s] copying drone_control/takeoff_node.py -> /home/monu/drone_ws/build/drone_control/build/lib/drone_control
[0.958s] running install
[0.958s] running install_lib
[0.959s] copying /home/monu/drone_ws/build/drone_control/build/lib/drone_control/takeoff_node.py -> /home/monu/drone_ws/install/drone_control/lib/python3.10/site-packages/drone_control
[0.960s] byte-compiling /home/monu/drone_ws/install/drone_control/lib/python3.10/site-packages/drone_control/takeoff_node.py to takeoff_node.cpython-310.pyc
[0.961s] running install_egg_info
[0.963s] removing '/home/monu/drone_ws/install/drone_control/lib/python3.10/site-packages/drone_control-0.0.1-py3.10.egg-info' (and everything under it)
[0.964s] Copying ../../build/drone_control/drone_control.egg-info to /home/monu/drone_ws/install/drone_control/lib/python3.10/site-packages/drone_control-0.0.1-py3.10.egg-info
[0.965s] running install_scripts
[0.987s] Installing avoidance_node script to /home/monu/drone_ws/install/drone_control/lib/drone_control
[0.987s] Installing lidar_processor script to /home/monu/drone_ws/install/drone_control/lib/drone_control
[0.988s] Installing takeoff_node script to /home/monu/drone_ws/install/drone_control/lib/drone_control
[0.988s] writing list of installed files to '/home/monu/drone_ws/build/drone_control/install.log'
[1.026s] Invoked command in '/home/monu/drone_ws/src/drone_control' returned '0': PYTHONPATH=/home/monu/drone_ws/build/drone_control/prefix_override:/usr/lib/python3/dist-packages/colcon_core/task/python/colcon_distutils_commands:/home/monu/drone_ws/install/drone_control/lib/python3.10/site-packages:${PYTHONPATH} /usr/bin/python3 -W ignore:setup.py install is deprecated -W ignore:easy_install command is deprecated setup.py egg_info --egg-base ../../build/drone_control build --build-base /home/monu/drone_ws/build/drone_control/build install --record /home/monu/drone_ws/build/drone_control/install.log --single-version-externally-managed
