[0.096s] DEBUG:colcon:Command line arguments: ['/usr/bin/colcon', 'build', '--symlink-install']
[0.096s] DEBUG:colcon:Parsed command line arguments: Namespace(log_base=None, log_level=None, verb_name='build', build_base='build', install_base='install', merge_install=False, symlink_install=True, test_result_base=None, continue_on_error=False, executor='parallel', parallel_workers=12, event_handlers=None, ignore_user_meta=False, metas=['./colcon.meta'], base_paths=['.'], packages_ignore=None, packages_ignore_regex=None, paths=None, packages_up_to=None, packages_up_to_regex=None, packages_above=None, packages_above_and_dependencies=None, packages_above_depth=None, packages_select_by_dep=None, packages_skip_by_dep=None, packages_skip_up_to=None, packages_select_build_failed=False, packages_skip_build_finished=False, packages_select_test_failures=False, packages_skip_test_passed=False, packages_select=None, packages_skip=None, packages_select_regex=None, packages_skip_regex=None, packages_start=None, packages_end=None, allow_overriding=[], cmake_args=None, cmake_target=None, cmake_target_skip_unavailable=False, cmake_clean_cache=False, cmake_clean_first=False, cmake_force_configure=False, ament_cmake_args=None, catkin_cmake_args=None, catkin_skip_building_tests=False, verb_parser=<colcon_defaults.argument_parser.defaults.DefaultArgumentsDecorator object at 0x73a4c93699c0>, verb_extension=<colcon_core.verb.build.BuildVerb object at 0x73a4c93693f0>, main=<bound method BuildVerb.main of <colcon_core.verb.build.BuildVerb object at 0x73a4c93693f0>>)
[0.250s] Level 1:colcon.colcon_core.package_discovery:discover_packages(colcon_meta) check parameters
[0.250s] Level 1:colcon.colcon_core.package_discovery:discover_packages(recursive) check parameters
[0.250s] Level 1:colcon.colcon_core.package_discovery:discover_packages(ignore) check parameters
[0.250s] Level 1:colcon.colcon_core.package_discovery:discover_packages(path) check parameters
[0.250s] Level 1:colcon.colcon_core.package_discovery:discover_packages(colcon_meta) discover
[0.250s] Level 1:colcon.colcon_core.package_discovery:discover_packages(recursive) discover
[0.250s] INFO:colcon.colcon_core.package_discovery:Crawling recursively for packages in '/home/monu/drone_ws'
[0.250s] Level 1:colcon.colcon_core.package_identification:_identify(.) by extensions ['ignore', 'ignore_ament_install']
[0.250s] Level 1:colcon.colcon_core.package_identification:_identify(.) by extension 'ignore'
[0.250s] Level 1:colcon.colcon_core.package_identification:_identify(.) by extension 'ignore_ament_install'
[0.250s] Level 1:colcon.colcon_core.package_identification:_identify(.) by extensions ['colcon_pkg']
[0.250s] Level 1:colcon.colcon_core.package_identification:_identify(.) by extension 'colcon_pkg'
[0.250s] Level 1:colcon.colcon_core.package_identification:_identify(.) by extensions ['colcon_meta']
[0.251s] Level 1:colcon.colcon_core.package_identification:_identify(.) by extension 'colcon_meta'
[0.251s] Level 1:colcon.colcon_core.package_identification:_identify(.) by extensions ['ros']
[0.251s] Level 1:colcon.colcon_core.package_identification:_identify(.) by extension 'ros'
[0.262s] Level 1:colcon.colcon_core.package_identification:_identify(.) by extensions ['cmake', 'python']
[0.263s] Level 1:colcon.colcon_core.package_identification:_identify(.) by extension 'cmake'
[0.263s] Level 1:colcon.colcon_core.package_identification:_identify(.) by extension 'python'
[0.263s] Level 1:colcon.colcon_core.package_identification:_identify(.) by extensions ['python_setup_py']
[0.263s] Level 1:colcon.colcon_core.package_identification:_identify(.) by extension 'python_setup_py'
[0.263s] Level 1:colcon.colcon_core.package_identification:_identify(build) by extensions ['ignore', 'ignore_ament_install']
[0.272s] Level 1:colcon.colcon_core.package_identification:_identify(build) by extension 'ignore'
[0.272s] Level 1:colcon.colcon_core.package_identification:_identify(build) ignored
[0.272s] Level 1:colcon.colcon_core.package_identification:_identify(install) by extensions ['ignore', 'ignore_ament_install']
[0.272s] Level 1:colcon.colcon_core.package_identification:_identify(install) by extension 'ignore'
[0.272s] Level 1:colcon.colcon_core.package_identification:_identify(install) ignored
[0.272s] Level 1:colcon.colcon_core.package_identification:_identify(log) by extensions ['ignore', 'ignore_ament_install']
[0.272s] Level 1:colcon.colcon_core.package_identification:_identify(log) by extension 'ignore'
[0.272s] Level 1:colcon.colcon_core.package_identification:_identify(log) ignored
[0.272s] Level 1:colcon.colcon_core.package_identification:_identify(src) by extensions ['ignore', 'ignore_ament_install']
[0.272s] Level 1:colcon.colcon_core.package_identification:_identify(src) by extension 'ignore'
[0.272s] Level 1:colcon.colcon_core.package_identification:_identify(src) by extension 'ignore_ament_install'
[0.272s] Level 1:colcon.colcon_core.package_identification:_identify(src) by extensions ['colcon_pkg']
[0.273s] Level 1:colcon.colcon_core.package_identification:_identify(src) by extension 'colcon_pkg'
[0.273s] Level 1:colcon.colcon_core.package_identification:_identify(src) by extensions ['colcon_meta']
[0.273s] Level 1:colcon.colcon_core.package_identification:_identify(src) by extension 'colcon_meta'
[0.273s] Level 1:colcon.colcon_core.package_identification:_identify(src) by extensions ['ros']
[0.273s] Level 1:colcon.colcon_core.package_identification:_identify(src) by extension 'ros'
[0.273s] Level 1:colcon.colcon_core.package_identification:_identify(src) by extensions ['cmake', 'python']
[0.273s] Level 1:colcon.colcon_core.package_identification:_identify(src) by extension 'cmake'
[0.273s] Level 1:colcon.colcon_core.package_identification:_identify(src) by extension 'python'
[0.273s] Level 1:colcon.colcon_core.package_identification:_identify(src) by extensions ['python_setup_py']
[0.273s] Level 1:colcon.colcon_core.package_identification:_identify(src) by extension 'python_setup_py'
[0.273s] Level 1:colcon.colcon_core.package_identification:_identify(src/drone_bringup) by extensions ['ignore', 'ignore_ament_install']
[0.273s] Level 1:colcon.colcon_core.package_identification:_identify(src/drone_bringup) by extension 'ignore'
[0.273s] Level 1:colcon.colcon_core.package_identification:_identify(src/drone_bringup) by extension 'ignore_ament_install'
[0.273s] Level 1:colcon.colcon_core.package_identification:_identify(src/drone_bringup) by extensions ['colcon_pkg']
[0.273s] Level 1:colcon.colcon_core.package_identification:_identify(src/drone_bringup) by extension 'colcon_pkg'
[0.273s] Level 1:colcon.colcon_core.package_identification:_identify(src/drone_bringup) by extensions ['colcon_meta']
[0.273s] Level 1:colcon.colcon_core.package_identification:_identify(src/drone_bringup) by extension 'colcon_meta'
[0.273s] Level 1:colcon.colcon_core.package_identification:_identify(src/drone_bringup) by extensions ['ros']
[0.273s] Level 1:colcon.colcon_core.package_identification:_identify(src/drone_bringup) by extension 'ros'
[0.273s] Level 1:colcon.colcon_core.package_identification:_identify(src/drone_bringup) by extensions ['cmake', 'python']
[0.273s] Level 1:colcon.colcon_core.package_identification:_identify(src/drone_bringup) by extension 'cmake'
[0.273s] Level 1:colcon.colcon_core.package_identification:_identify(src/drone_bringup) by extension 'python'
[0.273s] Level 1:colcon.colcon_core.package_identification:_identify(src/drone_bringup) by extensions ['python_setup_py']
[0.273s] Level 1:colcon.colcon_core.package_identification:_identify(src/drone_bringup) by extension 'python_setup_py'
[0.273s] Level 1:colcon.colcon_core.package_identification:_identify(src/drone_bringup/drone_bringup) by extensions ['ignore', 'ignore_ament_install']
[0.273s] Level 1:colcon.colcon_core.package_identification:_identify(src/drone_bringup/drone_bringup) by extension 'ignore'
[0.273s] Level 1:colcon.colcon_core.package_identification:_identify(src/drone_bringup/drone_bringup) by extension 'ignore_ament_install'
[0.273s] Level 1:colcon.colcon_core.package_identification:_identify(src/drone_bringup/drone_bringup) by extensions ['colcon_pkg']
[0.273s] Level 1:colcon.colcon_core.package_identification:_identify(src/drone_bringup/drone_bringup) by extension 'colcon_pkg'
[0.273s] Level 1:colcon.colcon_core.package_identification:_identify(src/drone_bringup/drone_bringup) by extensions ['colcon_meta']
[0.273s] Level 1:colcon.colcon_core.package_identification:_identify(src/drone_bringup/drone_bringup) by extension 'colcon_meta'
[0.273s] Level 1:colcon.colcon_core.package_identification:_identify(src/drone_bringup/drone_bringup) by extensions ['ros']
[0.273s] Level 1:colcon.colcon_core.package_identification:_identify(src/drone_bringup/drone_bringup) by extension 'ros'
[0.273s] Level 1:colcon.colcon_core.package_identification:_identify(src/drone_bringup/drone_bringup) by extensions ['cmake', 'python']
[0.273s] Level 1:colcon.colcon_core.package_identification:_identify(src/drone_bringup/drone_bringup) by extension 'cmake'
[0.273s] Level 1:colcon.colcon_core.package_identification:_identify(src/drone_bringup/drone_bringup) by extension 'python'
[0.273s] Level 1:colcon.colcon_core.package_identification:_identify(src/drone_bringup/drone_bringup) by extensions ['python_setup_py']
[0.273s] Level 1:colcon.colcon_core.package_identification:_identify(src/drone_bringup/drone_bringup) by extension 'python_setup_py'
[0.273s] Level 1:colcon.colcon_core.package_identification:_identify(src/drone_bringup/launch) by extensions ['ignore', 'ignore_ament_install']
[0.273s] Level 1:colcon.colcon_core.package_identification:_identify(src/drone_bringup/launch) by extension 'ignore'
[0.274s] Level 1:colcon.colcon_core.package_identification:_identify(src/drone_bringup/launch) by extension 'ignore_ament_install'
[0.274s] Level 1:colcon.colcon_core.package_identification:_identify(src/drone_bringup/launch) by extensions ['colcon_pkg']
[0.274s] Level 1:colcon.colcon_core.package_identification:_identify(src/drone_bringup/launch) by extension 'colcon_pkg'
[0.274s] Level 1:colcon.colcon_core.package_identification:_identify(src/drone_bringup/launch) by extensions ['colcon_meta']
[0.274s] Level 1:colcon.colcon_core.package_identification:_identify(src/drone_bringup/launch) by extension 'colcon_meta'
[0.274s] Level 1:colcon.colcon_core.package_identification:_identify(src/drone_bringup/launch) by extensions ['ros']
[0.274s] Level 1:colcon.colcon_core.package_identification:_identify(src/drone_bringup/launch) by extension 'ros'
[0.274s] Level 1:colcon.colcon_core.package_identification:_identify(src/drone_bringup/launch) by extensions ['cmake', 'python']
[0.274s] Level 1:colcon.colcon_core.package_identification:_identify(src/drone_bringup/launch) by extension 'cmake'
[0.274s] Level 1:colcon.colcon_core.package_identification:_identify(src/drone_bringup/launch) by extension 'python'
[0.274s] Level 1:colcon.colcon_core.package_identification:_identify(src/drone_bringup/launch) by extensions ['python_setup_py']
[0.274s] Level 1:colcon.colcon_core.package_identification:_identify(src/drone_bringup/launch) by extension 'python_setup_py'
[0.274s] Level 1:colcon.colcon_core.package_identification:_identify(src/drone_bringup/resource) by extensions ['ignore', 'ignore_ament_install']
[0.274s] Level 1:colcon.colcon_core.package_identification:_identify(src/drone_bringup/resource) by extension 'ignore'
[0.274s] Level 1:colcon.colcon_core.package_identification:_identify(src/drone_bringup/resource) by extension 'ignore_ament_install'
[0.274s] Level 1:colcon.colcon_core.package_identification:_identify(src/drone_bringup/resource) by extensions ['colcon_pkg']
[0.274s] Level 1:colcon.colcon_core.package_identification:_identify(src/drone_bringup/resource) by extension 'colcon_pkg'
[0.274s] Level 1:colcon.colcon_core.package_identification:_identify(src/drone_bringup/resource) by extensions ['colcon_meta']
[0.274s] Level 1:colcon.colcon_core.package_identification:_identify(src/drone_bringup/resource) by extension 'colcon_meta'
[0.274s] Level 1:colcon.colcon_core.package_identification:_identify(src/drone_bringup/resource) by extensions ['ros']
[0.274s] Level 1:colcon.colcon_core.package_identification:_identify(src/drone_bringup/resource) by extension 'ros'
[0.274s] Level 1:colcon.colcon_core.package_identification:_identify(src/drone_bringup/resource) by extensions ['cmake', 'python']
[0.274s] Level 1:colcon.colcon_core.package_identification:_identify(src/drone_bringup/resource) by extension 'cmake'
[0.274s] Level 1:colcon.colcon_core.package_identification:_identify(src/drone_bringup/resource) by extension 'python'
[0.274s] Level 1:colcon.colcon_core.package_identification:_identify(src/drone_bringup/resource) by extensions ['python_setup_py']
[0.274s] Level 1:colcon.colcon_core.package_identification:_identify(src/drone_bringup/resource) by extension 'python_setup_py'
[0.274s] Level 1:colcon.colcon_core.package_identification:_identify(src/drone_control) by extensions ['ignore', 'ignore_ament_install']
[0.274s] Level 1:colcon.colcon_core.package_identification:_identify(src/drone_control) by extension 'ignore'
[0.274s] Level 1:colcon.colcon_core.package_identification:_identify(src/drone_control) by extension 'ignore_ament_install'
[0.274s] Level 1:colcon.colcon_core.package_identification:_identify(src/drone_control) by extensions ['colcon_pkg']
[0.274s] Level 1:colcon.colcon_core.package_identification:_identify(src/drone_control) by extension 'colcon_pkg'
[0.274s] Level 1:colcon.colcon_core.package_identification:_identify(src/drone_control) by extensions ['colcon_meta']
[0.274s] Level 1:colcon.colcon_core.package_identification:_identify(src/drone_control) by extension 'colcon_meta'
[0.274s] Level 1:colcon.colcon_core.package_identification:_identify(src/drone_control) by extensions ['ros']
[0.274s] Level 1:colcon.colcon_core.package_identification:_identify(src/drone_control) by extension 'ros'
[0.277s] DEBUG:colcon.colcon_core.package_identification:Package 'src/drone_control' with type 'ros.ament_python' and name 'drone_control'
[0.277s] Level 1:colcon.colcon_core.package_identification:_identify(src/drone_description) by extensions ['ignore', 'ignore_ament_install']
[0.277s] Level 1:colcon.colcon_core.package_identification:_identify(src/drone_description) by extension 'ignore'
[0.277s] Level 1:colcon.colcon_core.package_identification:_identify(src/drone_description) by extension 'ignore_ament_install'
[0.277s] Level 1:colcon.colcon_core.package_identification:_identify(src/drone_description) by extensions ['colcon_pkg']
[0.277s] Level 1:colcon.colcon_core.package_identification:_identify(src/drone_description) by extension 'colcon_pkg'
[0.277s] Level 1:colcon.colcon_core.package_identification:_identify(src/drone_description) by extensions ['colcon_meta']
[0.277s] Level 1:colcon.colcon_core.package_identification:_identify(src/drone_description) by extension 'colcon_meta'
[0.277s] Level 1:colcon.colcon_core.package_identification:_identify(src/drone_description) by extensions ['ros']
[0.277s] Level 1:colcon.colcon_core.package_identification:_identify(src/drone_description) by extension 'ros'
[0.277s] Level 1:colcon.colcon_core.package_identification:_identify(src/drone_description) by extensions ['cmake', 'python']
[0.277s] Level 1:colcon.colcon_core.package_identification:_identify(src/drone_description) by extension 'cmake'
[0.277s] Level 1:colcon.colcon_core.package_identification:_identify(src/drone_description) by extension 'python'
[0.277s] Level 1:colcon.colcon_core.package_identification:_identify(src/drone_description) by extensions ['python_setup_py']
[0.277s] Level 1:colcon.colcon_core.package_identification:_identify(src/drone_description) by extension 'python_setup_py'
[0.277s] Level 1:colcon.colcon_core.package_identification:_identify(src/drone_description/config) by extensions ['ignore', 'ignore_ament_install']
[0.278s] Level 1:colcon.colcon_core.package_identification:_identify(src/drone_description/config) by extension 'ignore'
[0.278s] Level 1:colcon.colcon_core.package_identification:_identify(src/drone_description/config) by extension 'ignore_ament_install'
[0.278s] Level 1:colcon.colcon_core.package_identification:_identify(src/drone_description/config) by extensions ['colcon_pkg']
[0.278s] Level 1:colcon.colcon_core.package_identification:_identify(src/drone_description/config) by extension 'colcon_pkg'
[0.278s] Level 1:colcon.colcon_core.package_identification:_identify(src/drone_description/config) by extensions ['colcon_meta']
[0.278s] Level 1:colcon.colcon_core.package_identification:_identify(src/drone_description/config) by extension 'colcon_meta'
[0.278s] Level 1:colcon.colcon_core.package_identification:_identify(src/drone_description/config) by extensions ['ros']
[0.278s] Level 1:colcon.colcon_core.package_identification:_identify(src/drone_description/config) by extension 'ros'
[0.278s] Level 1:colcon.colcon_core.package_identification:_identify(src/drone_description/config) by extensions ['cmake', 'python']
[0.278s] Level 1:colcon.colcon_core.package_identification:_identify(src/drone_description/config) by extension 'cmake'
[0.278s] Level 1:colcon.colcon_core.package_identification:_identify(src/drone_description/config) by extension 'python'
[0.278s] Level 1:colcon.colcon_core.package_identification:_identify(src/drone_description/config) by extensions ['python_setup_py']
[0.278s] Level 1:colcon.colcon_core.package_identification:_identify(src/drone_description/config) by extension 'python_setup_py'
[0.278s] Level 1:colcon.colcon_core.package_identification:_identify(src/drone_description/launch) by extensions ['ignore', 'ignore_ament_install']
[0.278s] Level 1:colcon.colcon_core.package_identification:_identify(src/drone_description/launch) by extension 'ignore'
[0.278s] Level 1:colcon.colcon_core.package_identification:_identify(src/drone_description/launch) by extension 'ignore_ament_install'
[0.278s] Level 1:colcon.colcon_core.package_identification:_identify(src/drone_description/launch) by extensions ['colcon_pkg']
[0.278s] Level 1:colcon.colcon_core.package_identification:_identify(src/drone_description/launch) by extension 'colcon_pkg'
[0.278s] Level 1:colcon.colcon_core.package_identification:_identify(src/drone_description/launch) by extensions ['colcon_meta']
[0.278s] Level 1:colcon.colcon_core.package_identification:_identify(src/drone_description/launch) by extension 'colcon_meta'
[0.278s] Level 1:colcon.colcon_core.package_identification:_identify(src/drone_description/launch) by extensions ['ros']
[0.278s] Level 1:colcon.colcon_core.package_identification:_identify(src/drone_description/launch) by extension 'ros'
[0.278s] Level 1:colcon.colcon_core.package_identification:_identify(src/drone_description/launch) by extensions ['cmake', 'python']
[0.278s] Level 1:colcon.colcon_core.package_identification:_identify(src/drone_description/launch) by extension 'cmake'
[0.278s] Level 1:colcon.colcon_core.package_identification:_identify(src/drone_description/launch) by extension 'python'
[0.278s] Level 1:colcon.colcon_core.package_identification:_identify(src/drone_description/launch) by extensions ['python_setup_py']
[0.278s] Level 1:colcon.colcon_core.package_identification:_identify(src/drone_description/launch) by extension 'python_setup_py'
[0.278s] Level 1:colcon.colcon_core.package_identification:_identify(src/drone_description/meshes) by extensions ['ignore', 'ignore_ament_install']
[0.278s] Level 1:colcon.colcon_core.package_identification:_identify(src/drone_description/meshes) by extension 'ignore'
[0.278s] Level 1:colcon.colcon_core.package_identification:_identify(src/drone_description/meshes) by extension 'ignore_ament_install'
[0.278s] Level 1:colcon.colcon_core.package_identification:_identify(src/drone_description/meshes) by extensions ['colcon_pkg']
[0.278s] Level 1:colcon.colcon_core.package_identification:_identify(src/drone_description/meshes) by extension 'colcon_pkg'
[0.278s] Level 1:colcon.colcon_core.package_identification:_identify(src/drone_description/meshes) by extensions ['colcon_meta']
[0.278s] Level 1:colcon.colcon_core.package_identification:_identify(src/drone_description/meshes) by extension 'colcon_meta'
[0.278s] Level 1:colcon.colcon_core.package_identification:_identify(src/drone_description/meshes) by extensions ['ros']
[0.278s] Level 1:colcon.colcon_core.package_identification:_identify(src/drone_description/meshes) by extension 'ros'
[0.278s] Level 1:colcon.colcon_core.package_identification:_identify(src/drone_description/meshes) by extensions ['cmake', 'python']
[0.278s] Level 1:colcon.colcon_core.package_identification:_identify(src/drone_description/meshes) by extension 'cmake'
[0.278s] Level 1:colcon.colcon_core.package_identification:_identify(src/drone_description/meshes) by extension 'python'
[0.278s] Level 1:colcon.colcon_core.package_identification:_identify(src/drone_description/meshes) by extensions ['python_setup_py']
[0.278s] Level 1:colcon.colcon_core.package_identification:_identify(src/drone_description/meshes) by extension 'python_setup_py'
[0.278s] Level 1:colcon.colcon_core.package_identification:_identify(src/drone_description/urdf) by extensions ['ignore', 'ignore_ament_install']
[0.278s] Level 1:colcon.colcon_core.package_identification:_identify(src/drone_description/urdf) by extension 'ignore'
[0.279s] Level 1:colcon.colcon_core.package_identification:_identify(src/drone_description/urdf) by extension 'ignore_ament_install'
[0.279s] Level 1:colcon.colcon_core.package_identification:_identify(src/drone_description/urdf) by extensions ['colcon_pkg']
[0.279s] Level 1:colcon.colcon_core.package_identification:_identify(src/drone_description/urdf) by extension 'colcon_pkg'
[0.279s] Level 1:colcon.colcon_core.package_identification:_identify(src/drone_description/urdf) by extensions ['colcon_meta']
[0.279s] Level 1:colcon.colcon_core.package_identification:_identify(src/drone_description/urdf) by extension 'colcon_meta'
[0.279s] Level 1:colcon.colcon_core.package_identification:_identify(src/drone_description/urdf) by extensions ['ros']
[0.279s] Level 1:colcon.colcon_core.package_identification:_identify(src/drone_description/urdf) by extension 'ros'
[0.279s] Level 1:colcon.colcon_core.package_identification:_identify(src/drone_description/urdf) by extensions ['cmake', 'python']
[0.279s] Level 1:colcon.colcon_core.package_identification:_identify(src/drone_description/urdf) by extension 'cmake'
[0.279s] Level 1:colcon.colcon_core.package_identification:_identify(src/drone_description/urdf) by extension 'python'
[0.279s] Level 1:colcon.colcon_core.package_identification:_identify(src/drone_description/urdf) by extensions ['python_setup_py']
[0.279s] Level 1:colcon.colcon_core.package_identification:_identify(src/drone_description/urdf) by extension 'python_setup_py'
[0.279s] Level 1:colcon.colcon_core.package_identification:_identify(src/drone_description/worlds) by extensions ['ignore', 'ignore_ament_install']
[0.279s] Level 1:colcon.colcon_core.package_identification:_identify(src/drone_description/worlds) by extension 'ignore'
[0.279s] Level 1:colcon.colcon_core.package_identification:_identify(src/drone_description/worlds) by extension 'ignore_ament_install'
[0.279s] Level 1:colcon.colcon_core.package_identification:_identify(src/drone_description/worlds) by extensions ['colcon_pkg']
[0.279s] Level 1:colcon.colcon_core.package_identification:_identify(src/drone_description/worlds) by extension 'colcon_pkg'
[0.279s] Level 1:colcon.colcon_core.package_identification:_identify(src/drone_description/worlds) by extensions ['colcon_meta']
[0.279s] Level 1:colcon.colcon_core.package_identification:_identify(src/drone_description/worlds) by extension 'colcon_meta'
[0.279s] Level 1:colcon.colcon_core.package_identification:_identify(src/drone_description/worlds) by extensions ['ros']
[0.279s] Level 1:colcon.colcon_core.package_identification:_identify(src/drone_description/worlds) by extension 'ros'
[0.279s] Level 1:colcon.colcon_core.package_identification:_identify(src/drone_description/worlds) by extensions ['cmake', 'python']
[0.279s] Level 1:colcon.colcon_core.package_identification:_identify(src/drone_description/worlds) by extension 'cmake'
[0.279s] Level 1:colcon.colcon_core.package_identification:_identify(src/drone_description/worlds) by extension 'python'
[0.279s] Level 1:colcon.colcon_core.package_identification:_identify(src/drone_description/worlds) by extensions ['python_setup_py']
[0.279s] Level 1:colcon.colcon_core.package_identification:_identify(src/drone_description/worlds) by extension 'python_setup_py'
[0.279s] Level 1:colcon.colcon_core.package_identification:_identify(src/drone_gazebo) by extensions ['ignore', 'ignore_ament_install']
[0.279s] Level 1:colcon.colcon_core.package_identification:_identify(src/drone_gazebo) by extension 'ignore'
[0.279s] Level 1:colcon.colcon_core.package_identification:_identify(src/drone_gazebo) by extension 'ignore_ament_install'
[0.279s] Level 1:colcon.colcon_core.package_identification:_identify(src/drone_gazebo) by extensions ['colcon_pkg']
[0.279s] Level 1:colcon.colcon_core.package_identification:_identify(src/drone_gazebo) by extension 'colcon_pkg'
[0.279s] Level 1:colcon.colcon_core.package_identification:_identify(src/drone_gazebo) by extensions ['colcon_meta']
[0.279s] Level 1:colcon.colcon_core.package_identification:_identify(src/drone_gazebo) by extension 'colcon_meta'
[0.279s] Level 1:colcon.colcon_core.package_identification:_identify(src/drone_gazebo) by extensions ['ros']
[0.279s] Level 1:colcon.colcon_core.package_identification:_identify(src/drone_gazebo) by extension 'ros'
[0.279s] Level 1:colcon.colcon_core.package_identification:_identify(src/drone_gazebo) by extensions ['cmake', 'python']
[0.279s] Level 1:colcon.colcon_core.package_identification:_identify(src/drone_gazebo) by extension 'cmake'
[0.279s] Level 1:colcon.colcon_core.package_identification:_identify(src/drone_gazebo) by extension 'python'
[0.279s] Level 1:colcon.colcon_core.package_identification:_identify(src/drone_gazebo) by extensions ['python_setup_py']
[0.279s] Level 1:colcon.colcon_core.package_identification:_identify(src/drone_gazebo) by extension 'python_setup_py'
[0.279s] Level 1:colcon.colcon_core.package_identification:_identify(src/drone_gazebo/config) by extensions ['ignore', 'ignore_ament_install']
[0.279s] Level 1:colcon.colcon_core.package_identification:_identify(src/drone_gazebo/config) by extension 'ignore'
[0.279s] Level 1:colcon.colcon_core.package_identification:_identify(src/drone_gazebo/config) by extension 'ignore_ament_install'
[0.279s] Level 1:colcon.colcon_core.package_identification:_identify(src/drone_gazebo/config) by extensions ['colcon_pkg']
[0.279s] Level 1:colcon.colcon_core.package_identification:_identify(src/drone_gazebo/config) by extension 'colcon_pkg'
[0.279s] Level 1:colcon.colcon_core.package_identification:_identify(src/drone_gazebo/config) by extensions ['colcon_meta']
[0.280s] Level 1:colcon.colcon_core.package_identification:_identify(src/drone_gazebo/config) by extension 'colcon_meta'
[0.280s] Level 1:colcon.colcon_core.package_identification:_identify(src/drone_gazebo/config) by extensions ['ros']
[0.280s] Level 1:colcon.colcon_core.package_identification:_identify(src/drone_gazebo/config) by extension 'ros'
[0.280s] Level 1:colcon.colcon_core.package_identification:_identify(src/drone_gazebo/config) by extensions ['cmake', 'python']
[0.280s] Level 1:colcon.colcon_core.package_identification:_identify(src/drone_gazebo/config) by extension 'cmake'
[0.280s] Level 1:colcon.colcon_core.package_identification:_identify(src/drone_gazebo/config) by extension 'python'
[0.280s] Level 1:colcon.colcon_core.package_identification:_identify(src/drone_gazebo/config) by extensions ['python_setup_py']
[0.280s] Level 1:colcon.colcon_core.package_identification:_identify(src/drone_gazebo/config) by extension 'python_setup_py'
[0.280s] Level 1:colcon.colcon_core.package_identification:_identify(src/drone_gazebo/launch) by extensions ['ignore', 'ignore_ament_install']
[0.280s] Level 1:colcon.colcon_core.package_identification:_identify(src/drone_gazebo/launch) by extension 'ignore'
[0.280s] Level 1:colcon.colcon_core.package_identification:_identify(src/drone_gazebo/launch) by extension 'ignore_ament_install'
[0.280s] Level 1:colcon.colcon_core.package_identification:_identify(src/drone_gazebo/launch) by extensions ['colcon_pkg']
[0.280s] Level 1:colcon.colcon_core.package_identification:_identify(src/drone_gazebo/launch) by extension 'colcon_pkg'
[0.280s] Level 1:colcon.colcon_core.package_identification:_identify(src/drone_gazebo/launch) by extensions ['colcon_meta']
[0.280s] Level 1:colcon.colcon_core.package_identification:_identify(src/drone_gazebo/launch) by extension 'colcon_meta'
[0.280s] Level 1:colcon.colcon_core.package_identification:_identify(src/drone_gazebo/launch) by extensions ['ros']
[0.280s] Level 1:colcon.colcon_core.package_identification:_identify(src/drone_gazebo/launch) by extension 'ros'
[0.280s] Level 1:colcon.colcon_core.package_identification:_identify(src/drone_gazebo/launch) by extensions ['cmake', 'python']
[0.280s] Level 1:colcon.colcon_core.package_identification:_identify(src/drone_gazebo/launch) by extension 'cmake'
[0.280s] Level 1:colcon.colcon_core.package_identification:_identify(src/drone_gazebo/launch) by extension 'python'
[0.280s] Level 1:colcon.colcon_core.package_identification:_identify(src/drone_gazebo/launch) by extensions ['python_setup_py']
[0.280s] Level 1:colcon.colcon_core.package_identification:_identify(src/drone_gazebo/launch) by extension 'python_setup_py'
[0.280s] Level 1:colcon.colcon_core.package_identification:_identify(src/drone_gazebo/worlds) by extensions ['ignore', 'ignore_ament_install']
[0.280s] Level 1:colcon.colcon_core.package_identification:_identify(src/drone_gazebo/worlds) by extension 'ignore'
[0.280s] Level 1:colcon.colcon_core.package_identification:_identify(src/drone_gazebo/worlds) by extension 'ignore_ament_install'
[0.280s] Level 1:colcon.colcon_core.package_identification:_identify(src/drone_gazebo/worlds) by extensions ['colcon_pkg']
[0.280s] Level 1:colcon.colcon_core.package_identification:_identify(src/drone_gazebo/worlds) by extension 'colcon_pkg'
[0.280s] Level 1:colcon.colcon_core.package_identification:_identify(src/drone_gazebo/worlds) by extensions ['colcon_meta']
[0.280s] Level 1:colcon.colcon_core.package_identification:_identify(src/drone_gazebo/worlds) by extension 'colcon_meta'
[0.280s] Level 1:colcon.colcon_core.package_identification:_identify(src/drone_gazebo/worlds) by extensions ['ros']
[0.280s] Level 1:colcon.colcon_core.package_identification:_identify(src/drone_gazebo/worlds) by extension 'ros'
[0.280s] Level 1:colcon.colcon_core.package_identification:_identify(src/drone_gazebo/worlds) by extensions ['cmake', 'python']
[0.280s] Level 1:colcon.colcon_core.package_identification:_identify(src/drone_gazebo/worlds) by extension 'cmake'
[0.280s] Level 1:colcon.colcon_core.package_identification:_identify(src/drone_gazebo/worlds) by extension 'python'
[0.280s] Level 1:colcon.colcon_core.package_identification:_identify(src/drone_gazebo/worlds) by extensions ['python_setup_py']
[0.280s] Level 1:colcon.colcon_core.package_identification:_identify(src/drone_gazebo/worlds) by extension 'python_setup_py'
[0.280s] Level 1:colcon.colcon_core.package_identification:_identify(src/px4_msgs) by extensions ['ignore', 'ignore_ament_install']
[0.280s] Level 1:colcon.colcon_core.package_identification:_identify(src/px4_msgs) by extension 'ignore'
[0.280s] Level 1:colcon.colcon_core.package_identification:_identify(src/px4_msgs) by extension 'ignore_ament_install'
[0.280s] Level 1:colcon.colcon_core.package_identification:_identify(src/px4_msgs) by extensions ['colcon_pkg']
[0.280s] Level 1:colcon.colcon_core.package_identification:_identify(src/px4_msgs) by extension 'colcon_pkg'
[0.280s] Level 1:colcon.colcon_core.package_identification:_identify(src/px4_msgs) by extensions ['colcon_meta']
[0.280s] Level 1:colcon.colcon_core.package_identification:_identify(src/px4_msgs) by extension 'colcon_meta'
[0.280s] Level 1:colcon.colcon_core.package_identification:_identify(src/px4_msgs) by extensions ['ros']
[0.280s] Level 1:colcon.colcon_core.package_identification:_identify(src/px4_msgs) by extension 'ros'
[0.281s] DEBUG:colcon.colcon_core.package_identification:Package 'src/px4_msgs' with type 'ros.ament_cmake' and name 'px4_msgs'
[0.281s] Level 1:colcon.colcon_core.package_discovery:discover_packages(recursive) using defaults
[0.281s] Level 1:colcon.colcon_core.package_discovery:discover_packages(ignore) discover
[0.281s] Level 1:colcon.colcon_core.package_discovery:discover_packages(ignore) using defaults
[0.281s] Level 1:colcon.colcon_core.package_discovery:discover_packages(path) discover
[0.281s] Level 1:colcon.colcon_core.package_discovery:discover_packages(path) using defaults
[0.297s] Level 1:colcon.colcon_core.package_discovery:discover_packages(prefix_path) check parameters
[0.297s] Level 1:colcon.colcon_core.package_discovery:discover_packages(prefix_path) discover
[0.299s] DEBUG:colcon.colcon_installed_package_information.package_discovery:Found 2 installed packages in /home/monu/drone_ws/install
[0.300s] DEBUG:colcon.colcon_installed_package_information.package_discovery:Found 0 installed packages in /home/monu/drone_ws/src/drone_control/drone_control/install
[0.301s] DEBUG:colcon.colcon_installed_package_information.package_discovery:Found 345 installed packages in /opt/ros/humble
[0.303s] Level 1:colcon.colcon_core.package_discovery:discover_packages(prefix_path) using defaults
[0.349s] Level 5:colcon.colcon_core.verb:set package 'px4_msgs' build argument 'cmake_args' from command line to 'None'
[0.350s] Level 5:colcon.colcon_core.verb:set package 'px4_msgs' build argument 'cmake_target' from command line to 'None'
[0.350s] Level 5:colcon.colcon_core.verb:set package 'px4_msgs' build argument 'cmake_target_skip_unavailable' from command line to 'False'
[0.350s] Level 5:colcon.colcon_core.verb:set package 'px4_msgs' build argument 'cmake_clean_cache' from command line to 'False'
[0.350s] Level 5:colcon.colcon_core.verb:set package 'px4_msgs' build argument 'cmake_clean_first' from command line to 'False'
[0.350s] Level 5:colcon.colcon_core.verb:set package 'px4_msgs' build argument 'cmake_force_configure' from command line to 'False'
[0.350s] Level 5:colcon.colcon_core.verb:set package 'px4_msgs' build argument 'ament_cmake_args' from command line to 'None'
[0.350s] Level 5:colcon.colcon_core.verb:set package 'px4_msgs' build argument 'catkin_cmake_args' from command line to 'None'
[0.350s] Level 5:colcon.colcon_core.verb:set package 'px4_msgs' build argument 'catkin_skip_building_tests' from command line to 'False'
[0.350s] DEBUG:colcon.colcon_core.verb:Building package 'px4_msgs' with the following arguments: {'ament_cmake_args': None, 'build_base': '/home/monu/drone_ws/build/px4_msgs', 'catkin_cmake_args': None, 'catkin_skip_building_tests': False, 'cmake_args': None, 'cmake_clean_cache': False, 'cmake_clean_first': False, 'cmake_force_configure': False, 'cmake_target': None, 'cmake_target_skip_unavailable': False, 'install_base': '/home/monu/drone_ws/install/px4_msgs', 'merge_install': False, 'path': '/home/monu/drone_ws/src/px4_msgs', 'symlink_install': True, 'test_result_base': None}
[0.350s] Level 5:colcon.colcon_core.verb:set package 'drone_control' build argument 'cmake_args' from command line to 'None'
[0.350s] Level 5:colcon.colcon_core.verb:set package 'drone_control' build argument 'cmake_target' from command line to 'None'
[0.350s] Level 5:colcon.colcon_core.verb:set package 'drone_control' build argument 'cmake_target_skip_unavailable' from command line to 'False'
[0.350s] Level 5:colcon.colcon_core.verb:set package 'drone_control' build argument 'cmake_clean_cache' from command line to 'False'
[0.350s] Level 5:colcon.colcon_core.verb:set package 'drone_control' build argument 'cmake_clean_first' from command line to 'False'
[0.350s] Level 5:colcon.colcon_core.verb:set package 'drone_control' build argument 'cmake_force_configure' from command line to 'False'
[0.350s] Level 5:colcon.colcon_core.verb:set package 'drone_control' build argument 'ament_cmake_args' from command line to 'None'
[0.350s] Level 5:colcon.colcon_core.verb:set package 'drone_control' build argument 'catkin_cmake_args' from command line to 'None'
[0.350s] Level 5:colcon.colcon_core.verb:set package 'drone_control' build argument 'catkin_skip_building_tests' from command line to 'False'
[0.350s] DEBUG:colcon.colcon_core.verb:Building package 'drone_control' with the following arguments: {'ament_cmake_args': None, 'build_base': '/home/monu/drone_ws/build/drone_control', 'catkin_cmake_args': None, 'catkin_skip_building_tests': False, 'cmake_args': None, 'cmake_clean_cache': False, 'cmake_clean_first': False, 'cmake_force_configure': False, 'cmake_target': None, 'cmake_target_skip_unavailable': False, 'install_base': '/home/monu/drone_ws/install/drone_control', 'merge_install': False, 'path': '/home/monu/drone_ws/src/drone_control', 'symlink_install': True, 'test_result_base': None}
[0.350s] INFO:colcon.colcon_core.executor:Executing jobs using 'parallel' executor
[0.351s] DEBUG:colcon.colcon_parallel_executor.executor.parallel:run_until_complete
[0.351s] INFO:colcon.colcon_ros.task.ament_cmake.build:Building ROS package in '/home/monu/drone_ws/src/px4_msgs' with build type 'ament_cmake'
[0.351s] INFO:colcon.colcon_cmake.task.cmake.build:Building CMake package in '/home/monu/drone_ws/src/px4_msgs'
[0.354s] INFO:colcon.colcon_core.plugin_system:Skipping extension 'colcon_core.shell.bat': Not used on non-Windows systems
[0.354s] INFO:colcon.colcon_core.shell:Skip shell extension 'powershell' for command environment: Not usable outside of PowerShell
[0.354s] DEBUG:colcon.colcon_core.shell:Skip shell extension 'dsv' for command environment
[0.362s] DEBUG:colcon.colcon_core.event_handler.log_command:Invoking command in '/home/monu/drone_ws/build/px4_msgs': CMAKE_PREFIX_PATH=${CMAKE_PREFIX_PATH}:/home/monu/drone_ws/install/drone_control:/opt/ros/humble /usr/bin/cmake --build /home/monu/drone_ws/build/px4_msgs -- -j12 -l12
[1.868s] DEBUG:colcon.colcon_core.event_handler.log_command:Invoked command in '/home/monu/drone_ws/build/px4_msgs' returned '0': CMAKE_PREFIX_PATH=${CMAKE_PREFIX_PATH}:/home/monu/drone_ws/install/drone_control:/opt/ros/humble /usr/bin/cmake --build /home/monu/drone_ws/build/px4_msgs -- -j12 -l12
[1.880s] DEBUG:colcon.colcon_core.event_handler.log_command:Invoking command in '/home/monu/drone_ws/build/px4_msgs': CMAKE_PREFIX_PATH=${CMAKE_PREFIX_PATH}:/home/monu/drone_ws/install/drone_control:/opt/ros/humble /usr/bin/cmake --install /home/monu/drone_ws/build/px4_msgs
[2.431s] Level 1:colcon.colcon_core.environment:create_environment_scripts_only(px4_msgs)
[2.432s] DEBUG:colcon.colcon_core.event_handler.log_command:Invoked command in '/home/monu/drone_ws/build/px4_msgs' returned '0': CMAKE_PREFIX_PATH=${CMAKE_PREFIX_PATH}:/home/monu/drone_ws/install/drone_control:/opt/ros/humble /usr/bin/cmake --install /home/monu/drone_ws/build/px4_msgs
[2.436s] Level 1:colcon.colcon_core.environment:checking '/home/monu/drone_ws/install/px4_msgs' for CMake module files
[2.437s] Level 1:colcon.colcon_core.environment:checking '/home/monu/drone_ws/install/px4_msgs' for CMake config files
[2.438s] Level 1:colcon.colcon_core.shell:create_environment_hook('px4_msgs', 'cmake_prefix_path')
[2.438s] INFO:colcon.colcon_core.shell:Creating environment hook '/home/monu/drone_ws/install/px4_msgs/share/px4_msgs/hook/cmake_prefix_path.ps1'
[2.439s] INFO:colcon.colcon_core.shell:Creating environment descriptor '/home/monu/drone_ws/install/px4_msgs/share/px4_msgs/hook/cmake_prefix_path.dsv'
[2.440s] INFO:colcon.colcon_core.shell:Creating environment hook '/home/monu/drone_ws/install/px4_msgs/share/px4_msgs/hook/cmake_prefix_path.sh'
[2.441s] Level 1:colcon.colcon_core.environment:checking '/home/monu/drone_ws/install/px4_msgs/lib'
[2.441s] Level 1:colcon.colcon_core.shell:create_environment_hook('px4_msgs', 'ld_library_path_lib')
[2.442s] INFO:colcon.colcon_core.shell:Creating environment hook '/home/monu/drone_ws/install/px4_msgs/share/px4_msgs/hook/ld_library_path_lib.ps1'
[2.443s] INFO:colcon.colcon_core.shell:Creating environment descriptor '/home/monu/drone_ws/install/px4_msgs/share/px4_msgs/hook/ld_library_path_lib.dsv'
[2.443s] INFO:colcon.colcon_core.shell:Creating environment hook '/home/monu/drone_ws/install/px4_msgs/share/px4_msgs/hook/ld_library_path_lib.sh'
[2.444s] Level 1:colcon.colcon_core.environment:checking '/home/monu/drone_ws/install/px4_msgs/bin'
[2.444s] Level 1:colcon.colcon_core.environment:checking '/home/monu/drone_ws/install/px4_msgs/lib/pkgconfig/px4_msgs.pc'
[2.444s] Level 1:colcon.colcon_core.environment:checking '/home/monu/drone_ws/install/px4_msgs/lib/python3.10/site-packages'
[2.445s] Level 1:colcon.colcon_core.environment:checking '/home/monu/drone_ws/install/px4_msgs/bin'
[2.445s] INFO:colcon.colcon_core.shell:Creating package script '/home/monu/drone_ws/install/px4_msgs/share/px4_msgs/package.ps1'
[2.448s] INFO:colcon.colcon_core.shell:Creating package descriptor '/home/monu/drone_ws/install/px4_msgs/share/px4_msgs/package.dsv'
[2.449s] INFO:colcon.colcon_core.shell:Creating package script '/home/monu/drone_ws/install/px4_msgs/share/px4_msgs/package.sh'
[2.449s] INFO:colcon.colcon_core.shell:Creating package script '/home/monu/drone_ws/install/px4_msgs/share/px4_msgs/package.bash'
[2.450s] INFO:colcon.colcon_core.shell:Creating package script '/home/monu/drone_ws/install/px4_msgs/share/px4_msgs/package.zsh'
[2.451s] Level 1:colcon.colcon_core.environment:create_file_with_runtime_dependencies(/home/monu/drone_ws/install/px4_msgs/share/colcon-core/packages/px4_msgs)
[2.452s] Level 1:colcon.colcon_core.environment:create_environment_scripts_only(px4_msgs)
[2.453s] Level 1:colcon.colcon_core.environment:checking '/home/monu/drone_ws/install/px4_msgs' for CMake module files
[2.453s] Level 1:colcon.colcon_core.environment:checking '/home/monu/drone_ws/install/px4_msgs' for CMake config files
[2.454s] Level 1:colcon.colcon_core.shell:create_environment_hook('px4_msgs', 'cmake_prefix_path')
[2.454s] INFO:colcon.colcon_core.shell:Creating environment hook '/home/monu/drone_ws/install/px4_msgs/share/px4_msgs/hook/cmake_prefix_path.ps1'
[2.455s] INFO:colcon.colcon_core.shell:Creating environment descriptor '/home/monu/drone_ws/install/px4_msgs/share/px4_msgs/hook/cmake_prefix_path.dsv'
[2.456s] INFO:colcon.colcon_core.shell:Creating environment hook '/home/monu/drone_ws/install/px4_msgs/share/px4_msgs/hook/cmake_prefix_path.sh'
[2.456s] Level 1:colcon.colcon_core.environment:checking '/home/monu/drone_ws/install/px4_msgs/lib'
[2.456s] Level 1:colcon.colcon_core.shell:create_environment_hook('px4_msgs', 'ld_library_path_lib')
[2.457s] INFO:colcon.colcon_core.shell:Creating environment hook '/home/monu/drone_ws/install/px4_msgs/share/px4_msgs/hook/ld_library_path_lib.ps1'
[2.457s] INFO:colcon.colcon_core.shell:Creating environment descriptor '/home/monu/drone_ws/install/px4_msgs/share/px4_msgs/hook/ld_library_path_lib.dsv'
[2.458s] INFO:colcon.colcon_core.shell:Creating environment hook '/home/monu/drone_ws/install/px4_msgs/share/px4_msgs/hook/ld_library_path_lib.sh'
[2.458s] Level 1:colcon.colcon_core.environment:checking '/home/monu/drone_ws/install/px4_msgs/bin'
[2.458s] Level 1:colcon.colcon_core.environment:checking '/home/monu/drone_ws/install/px4_msgs/lib/pkgconfig/px4_msgs.pc'
[2.458s] Level 1:colcon.colcon_core.environment:checking '/home/monu/drone_ws/install/px4_msgs/lib/python3.10/site-packages'
[2.459s] Level 1:colcon.colcon_core.environment:checking '/home/monu/drone_ws/install/px4_msgs/bin'
[2.459s] INFO:colcon.colcon_core.shell:Creating package script '/home/monu/drone_ws/install/px4_msgs/share/px4_msgs/package.ps1'
[2.460s] INFO:colcon.colcon_core.shell:Creating package descriptor '/home/monu/drone_ws/install/px4_msgs/share/px4_msgs/package.dsv'
[2.461s] INFO:colcon.colcon_core.shell:Creating package script '/home/monu/drone_ws/install/px4_msgs/share/px4_msgs/package.sh'
[2.461s] INFO:colcon.colcon_core.shell:Creating package script '/home/monu/drone_ws/install/px4_msgs/share/px4_msgs/package.bash'
[2.462s] INFO:colcon.colcon_core.shell:Creating package script '/home/monu/drone_ws/install/px4_msgs/share/px4_msgs/package.zsh'
[2.462s] Level 1:colcon.colcon_core.environment:create_file_with_runtime_dependencies(/home/monu/drone_ws/install/px4_msgs/share/colcon-core/packages/px4_msgs)
[2.463s] INFO:colcon.colcon_ros.task.ament_python.build:Building ROS package in '/home/monu/drone_ws/src/drone_control' with build type 'ament_python'
[2.463s] Level 1:colcon.colcon_core.shell:create_environment_hook('drone_control', 'ament_prefix_path')
[2.463s] INFO:colcon.colcon_core.shell:Creating environment hook '/home/monu/drone_ws/install/drone_control/share/drone_control/hook/ament_prefix_path.ps1'
[2.464s] INFO:colcon.colcon_core.shell:Creating environment descriptor '/home/monu/drone_ws/install/drone_control/share/drone_control/hook/ament_prefix_path.dsv'
[2.464s] INFO:colcon.colcon_core.shell:Creating environment hook '/home/monu/drone_ws/install/drone_control/share/drone_control/hook/ament_prefix_path.sh'
[2.465s] INFO:colcon.colcon_core.shell:Skip shell extension 'powershell' for command environment: Not usable outside of PowerShell
[2.465s] DEBUG:colcon.colcon_core.shell:Skip shell extension 'dsv' for command environment
[2.795s] WARNING:colcon.colcon_ros.task.ament_python.build:Package 'drone_control' doesn't explicitly install a marker in the package index (colcon-ros currently does it implicitly but that fallback will be removed in the future)
[2.795s] WARNING:colcon.colcon_ros.task.ament_python.build:Package 'drone_control' doesn't explicitly install the 'package.xml' file (colcon-ros currently does it implicitly but that fallback will be removed in the future)
[2.795s] INFO:colcon.colcon_core.task.python.build:Building Python package in '/home/monu/drone_ws/src/drone_control'
[2.795s] INFO:colcon.colcon_core.shell:Skip shell extension 'powershell' for command environment: Not usable outside of PowerShell
[2.795s] DEBUG:colcon.colcon_core.shell:Skip shell extension 'dsv' for command environment
[3.238s] DEBUG:colcon.colcon_core.event_handler.log_command:Invoking command in '/home/monu/drone_ws/build/drone_control': PYTHONPATH=/home/monu/drone_ws/build/drone_control/prefix_override:/usr/lib/python3/dist-packages/colcon_core/task/python/colcon_distutils_commands:/home/monu/drone_ws/install/drone_control/lib/python3.10/site-packages:${PYTHONPATH} /usr/bin/python3 -W ignore:setup.py install is deprecated -W ignore:easy_install command is deprecated setup.py develop --editable --build-directory /home/monu/drone_ws/build/drone_control/build --no-deps
[3.717s] Level 1:colcon.colcon_core.shell:create_environment_hook('drone_control', 'pythonpath_develop')
[3.717s] INFO:colcon.colcon_core.shell:Creating environment hook '/home/monu/drone_ws/build/drone_control/share/drone_control/hook/pythonpath_develop.ps1'
[3.718s] DEBUG:colcon.colcon_core.event_handler.log_command:Invoked command in '/home/monu/drone_ws/build/drone_control' returned '0': PYTHONPATH=/home/monu/drone_ws/build/drone_control/prefix_override:/usr/lib/python3/dist-packages/colcon_core/task/python/colcon_distutils_commands:/home/monu/drone_ws/install/drone_control/lib/python3.10/site-packages:${PYTHONPATH} /usr/bin/python3 -W ignore:setup.py install is deprecated -W ignore:easy_install command is deprecated setup.py develop --editable --build-directory /home/monu/drone_ws/build/drone_control/build --no-deps
[3.718s] INFO:colcon.colcon_core.shell:Creating environment descriptor '/home/monu/drone_ws/build/drone_control/share/drone_control/hook/pythonpath_develop.dsv'
[3.718s] INFO:colcon.colcon_core.shell:Creating environment hook '/home/monu/drone_ws/build/drone_control/share/drone_control/hook/pythonpath_develop.sh'
[3.719s] Level 1:colcon.colcon_core.environment:checking '/home/monu/drone_ws/install/drone_control' for CMake module files
[3.719s] Level 1:colcon.colcon_core.environment:checking '/home/monu/drone_ws/install/drone_control' for CMake config files
[3.720s] Level 1:colcon.colcon_core.environment:checking '/home/monu/drone_ws/install/drone_control/lib'
[3.720s] Level 1:colcon.colcon_core.environment:checking '/home/monu/drone_ws/install/drone_control/bin'
[3.720s] Level 1:colcon.colcon_core.environment:checking '/home/monu/drone_ws/install/drone_control/lib/pkgconfig/drone_control.pc'
[3.720s] Level 1:colcon.colcon_core.environment:checking '/home/monu/drone_ws/install/drone_control/lib/python3.10/site-packages'
[3.720s] Level 1:colcon.colcon_core.shell:create_environment_hook('drone_control', 'pythonpath')
[3.720s] INFO:colcon.colcon_core.shell:Creating environment hook '/home/monu/drone_ws/install/drone_control/share/drone_control/hook/pythonpath.ps1'
[3.721s] INFO:colcon.colcon_core.shell:Creating environment descriptor '/home/monu/drone_ws/install/drone_control/share/drone_control/hook/pythonpath.dsv'
[3.721s] INFO:colcon.colcon_core.shell:Creating environment hook '/home/monu/drone_ws/install/drone_control/share/drone_control/hook/pythonpath.sh'
[3.722s] Level 1:colcon.colcon_core.environment:checking '/home/monu/drone_ws/install/drone_control/bin'
[3.722s] Level 1:colcon.colcon_core.environment:create_environment_scripts_only(drone_control)
[3.722s] INFO:colcon.colcon_core.shell:Creating package script '/home/monu/drone_ws/install/drone_control/share/drone_control/package.ps1'
[3.723s] INFO:colcon.colcon_core.shell:Creating package descriptor '/home/monu/drone_ws/install/drone_control/share/drone_control/package.dsv'
[3.723s] INFO:colcon.colcon_core.shell:Creating package script '/home/monu/drone_ws/install/drone_control/share/drone_control/package.sh'
[3.723s] INFO:colcon.colcon_core.shell:Creating package script '/home/monu/drone_ws/install/drone_control/share/drone_control/package.bash'
[3.724s] INFO:colcon.colcon_core.shell:Creating package script '/home/monu/drone_ws/install/drone_control/share/drone_control/package.zsh'
[3.724s] Level 1:colcon.colcon_core.environment:create_file_with_runtime_dependencies(/home/monu/drone_ws/install/drone_control/share/colcon-core/packages/drone_control)
[3.724s] DEBUG:colcon.colcon_parallel_executor.executor.parallel:closing loop
[3.725s] DEBUG:colcon.colcon_parallel_executor.executor.parallel:loop closed
[3.725s] DEBUG:colcon.colcon_parallel_executor.executor.parallel:run_until_complete finished with '0'
[3.725s] DEBUG:colcon.colcon_core.event_reactor:joining thread
[3.729s] INFO:colcon.colcon_core.plugin_system:Skipping extension 'colcon_notification.desktop_notification.terminal_notifier': Not used on non-Darwin systems
[3.730s] INFO:colcon.colcon_core.plugin_system:Skipping extension 'colcon_notification.desktop_notification.win32': Not used on non-Windows systems
[3.730s] INFO:colcon.colcon_notification.desktop_notification:Sending desktop notification using 'notify2'
[3.745s] DEBUG:colcon.colcon_core.event_reactor:joined thread
[3.745s] INFO:colcon.colcon_core.shell:Creating prefix script '/home/monu/drone_ws/install/local_setup.ps1'
[3.746s] INFO:colcon.colcon_core.shell:Creating prefix util module '/home/monu/drone_ws/install/_local_setup_util_ps1.py'
[3.748s] INFO:colcon.colcon_core.shell:Creating prefix chain script '/home/monu/drone_ws/install/setup.ps1'
[3.749s] INFO:colcon.colcon_core.shell:Creating prefix script '/home/monu/drone_ws/install/local_setup.sh'
[3.749s] INFO:colcon.colcon_core.shell:Creating prefix util module '/home/monu/drone_ws/install/_local_setup_util_sh.py'
[3.750s] INFO:colcon.colcon_core.shell:Creating prefix chain script '/home/monu/drone_ws/install/setup.sh'
[3.750s] INFO:colcon.colcon_core.shell:Creating prefix script '/home/monu/drone_ws/install/local_setup.bash'
[3.751s] INFO:colcon.colcon_core.shell:Creating prefix chain script '/home/monu/drone_ws/install/setup.bash'
[3.751s] INFO:colcon.colcon_core.shell:Creating prefix script '/home/monu/drone_ws/install/local_setup.zsh'
[3.752s] INFO:colcon.colcon_core.shell:Creating prefix chain script '/home/monu/drone_ws/install/setup.zsh'
