[0.742s] Invoking command in '/home/monu/drone_ws/build/drone_control': PYTHONPATH=/home/monu/drone_ws/build/drone_control/prefix_override:/usr/lib/python3/dist-packages/colcon_core/task/python/colcon_distutils_commands:/home/monu/drone_ws/install/drone_control/lib/python3.10/site-packages:${PYTHONPATH} /usr/bin/python3 -W ignore:setup.py install is deprecated -W ignore:easy_install command is deprecated setup.py develop --editable --build-directory /home/monu/drone_ws/build/drone_control/build --no-deps
[0.996s] running develop
[1.136s] running egg_info
[1.137s] creating drone_control.egg-info
[1.137s] writing drone_control.egg-info/PKG-INFO
[1.137s] writing dependency_links to drone_control.egg-info/dependency_links.txt
[1.137s] writing entry points to drone_control.egg-info/entry_points.txt
[1.137s] writing requirements to drone_control.egg-info/requires.txt
[1.137s] writing top-level names to drone_control.egg-info/top_level.txt
[1.137s] writing manifest file 'drone_control.egg-info/SOURCES.txt'
[1.139s] reading manifest file 'drone_control.egg-info/SOURCES.txt'
[1.140s] writing manifest file 'drone_control.egg-info/SOURCES.txt'
[1.141s] running build_ext
[1.141s] Creating /home/monu/drone_ws/install/drone_control/lib/python3.10/site-packages/drone-control.egg-link (link to .)
[1.142s] Installing avoidance_node script to /home/monu/drone_ws/install/drone_control/lib/drone_control
[1.143s] Installing keyboard_control script to /home/monu/drone_ws/install/drone_control/lib/drone_control
[1.143s] Installing lidar_processor script to /home/monu/drone_ws/install/drone_control/lib/drone_control
[1.143s] Installing takeoff_node script to /home/monu/drone_ws/install/drone_control/lib/drone_control
[1.143s] 
[1.143s] Installed /home/monu/drone_ws/build/drone_control
[1.253s] Invoked command in '/home/monu/drone_ws/build/drone_control' returned '0': PYTHONPATH=/home/monu/drone_ws/build/drone_control/prefix_override:/usr/lib/python3/dist-packages/colcon_core/task/python/colcon_distutils_commands:/home/monu/drone_ws/install/drone_control/lib/python3.10/site-packages:${PYTHONPATH} /usr/bin/python3 -W ignore:setup.py install is deprecated -W ignore:easy_install command is deprecated setup.py develop --editable --build-directory /home/monu/drone_ws/build/drone_control/build --no-deps
