[0.758s] Invoking command in '/home/monu/drone_ws/src/drone_control': PYTHONPATH=/home/monu/drone_ws/build/drone_control/prefix_override:/usr/lib/python3/dist-packages/colcon_core/task/python/colcon_distutils_commands:/home/monu/drone_ws/install/drone_control/lib/python3.10/site-packages:${PYTHONPATH} /usr/bin/python3 -W ignore:setup.py install is deprecated -W ignore:easy_install command is deprecated setup.py egg_info --egg-base ../../build/drone_control build --build-base /home/monu/drone_ws/build/drone_control/build install --record /home/monu/drone_ws/build/drone_control/install.log --single-version-externally-managed
[1.043s] running egg_info
[1.044s] writing ../../build/drone_control/drone_control.egg-info/PKG-INFO
[1.044s] writing dependency_links to ../../build/drone_control/drone_control.egg-info/dependency_links.txt
[1.044s] writing entry points to ../../build/drone_control/drone_control.egg-info/entry_points.txt
[1.044s] writing requirements to ../../build/drone_control/drone_control.egg-info/requires.txt
[1.045s] writing top-level names to ../../build/drone_control/drone_control.egg-info/top_level.txt
[1.046s] reading manifest file '../../build/drone_control/drone_control.egg-info/SOURCES.txt'
[1.047s] writing manifest file '../../build/drone_control/drone_control.egg-info/SOURCES.txt'
[1.047s] running build
[1.048s] running build_py
[1.048s] copying drone_control/takeoff_node.py -> /home/monu/drone_ws/build/drone_control/build/lib/drone_control
[1.048s] running install
[1.048s] running install_lib
[1.049s] copying /home/monu/drone_ws/build/drone_control/build/lib/drone_control/takeoff_node.py -> /home/monu/drone_ws/install/drone_control/lib/python3.10/site-packages/drone_control
[1.050s] byte-compiling /home/monu/drone_ws/install/drone_control/lib/python3.10/site-packages/drone_control/takeoff_node.py to takeoff_node.cpython-310.pyc
[1.051s] running install_egg_info
[1.053s] removing '/home/monu/drone_ws/install/drone_control/lib/python3.10/site-packages/drone_control-0.0.1-py3.10.egg-info' (and everything under it)
[1.054s] Copying ../../build/drone_control/drone_control.egg-info to /home/monu/drone_ws/install/drone_control/lib/python3.10/site-packages/drone_control-0.0.1-py3.10.egg-info
[1.055s] running install_scripts
[1.079s] Installing avoidance_node script to /home/monu/drone_ws/install/drone_control/lib/drone_control
[1.079s] Installing lidar_processor script to /home/monu/drone_ws/install/drone_control/lib/drone_control
[1.079s] Installing takeoff_node script to /home/monu/drone_ws/install/drone_control/lib/drone_control
[1.079s] writing list of installed files to '/home/monu/drone_ws/build/drone_control/install.log'
[1.145s] Invoked command in '/home/monu/drone_ws/src/drone_control' returned '0': PYTHONPATH=/home/monu/drone_ws/build/drone_control/prefix_override:/usr/lib/python3/dist-packages/colcon_core/task/python/colcon_distutils_commands:/home/monu/drone_ws/install/drone_control/lib/python3.10/site-packages:${PYTHONPATH} /usr/bin/python3 -W ignore:setup.py install is deprecated -W ignore:easy_install command is deprecated setup.py egg_info --egg-base ../../build/drone_control build --build-base /home/monu/drone_ws/build/drone_control/build install --record /home/monu/drone_ws/build/drone_control/install.log --single-version-externally-managed
