[0.109s] DEBUG:colcon:Command line arguments: ['/usr/bin/colcon', 'build', '--symlink-install']
[0.109s] DEBUG:colcon:Parsed command line arguments: Namespace(log_base=None, log_level=None, verb_name='build', build_base='build', install_base='install', merge_install=False, symlink_install=True, test_result_base=None, continue_on_error=False, executor='parallel', parallel_workers=12, event_handlers=None, ignore_user_meta=False, metas=['./colcon.meta'], base_paths=['.'], packages_ignore=None, packages_ignore_regex=None, paths=None, packages_up_to=None, packages_up_to_regex=None, packages_above=None, packages_above_and_dependencies=None, packages_above_depth=None, packages_select_by_dep=None, packages_skip_by_dep=None, packages_skip_up_to=None, packages_select_build_failed=False, packages_skip_build_finished=False, packages_select_test_failures=False, packages_skip_test_passed=False, packages_select=None, packages_skip=None, packages_select_regex=None, packages_skip_regex=None, packages_start=None, packages_end=None, allow_overriding=[], cmake_args=None, cmake_target=None, cmake_target_skip_unavailable=False, cmake_clean_cache=False, cmake_clean_first=False, cmake_force_configure=False, ament_cmake_args=None, catkin_cmake_args=None, catkin_skip_building_tests=False, verb_parser=<colcon_defaults.argument_parser.defaults.DefaultArgumentsDecorator object at 0x71a9fec719c0>, verb_extension=<colcon_core.verb.build.BuildVerb object at 0x71a9fec713f0>, main=<bound method BuildVerb.main of <colcon_core.verb.build.BuildVerb object at 0x71a9fec713f0>>)
[0.275s] Level 1:colcon.colcon_core.package_discovery:discover_packages(colcon_meta) check parameters
[0.275s] Level 1:colcon.colcon_core.package_discovery:discover_packages(recursive) check parameters
[0.275s] Level 1:colcon.colcon_core.package_discovery:discover_packages(ignore) check parameters
[0.275s] Level 1:colcon.colcon_core.package_discovery:discover_packages(path) check parameters
[0.275s] Level 1:colcon.colcon_core.package_discovery:discover_packages(colcon_meta) discover
[0.275s] Level 1:colcon.colcon_core.package_discovery:discover_packages(recursive) discover
[0.275s] INFO:colcon.colcon_core.package_discovery:Crawling recursively for packages in '/home/monu/drone_ws'
[0.275s] Level 1:colcon.colcon_core.package_identification:_identify(.) by extensions ['ignore', 'ignore_ament_install']
[0.275s] Level 1:colcon.colcon_core.package_identification:_identify(.) by extension 'ignore'
[0.275s] Level 1:colcon.colcon_core.package_identification:_identify(.) by extension 'ignore_ament_install'
[0.275s] Level 1:colcon.colcon_core.package_identification:_identify(.) by extensions ['colcon_pkg']
[0.275s] Level 1:colcon.colcon_core.package_identification:_identify(.) by extension 'colcon_pkg'
[0.275s] Level 1:colcon.colcon_core.package_identification:_identify(.) by extensions ['colcon_meta']
[0.275s] Level 1:colcon.colcon_core.package_identification:_identify(.) by extension 'colcon_meta'
[0.275s] Level 1:colcon.colcon_core.package_identification:_identify(.) by extensions ['ros']
[0.275s] Level 1:colcon.colcon_core.package_identification:_identify(.) by extension 'ros'
[0.286s] Level 1:colcon.colcon_core.package_identification:_identify(.) by extensions ['cmake', 'python']
[0.286s] Level 1:colcon.colcon_core.package_identification:_identify(.) by extension 'cmake'
[0.286s] Level 1:colcon.colcon_core.package_identification:_identify(.) by extension 'python'
[0.286s] Level 1:colcon.colcon_core.package_identification:_identify(.) by extensions ['python_setup_py']
[0.286s] Level 1:colcon.colcon_core.package_identification:_identify(.) by extension 'python_setup_py'
[0.286s] Level 1:colcon.colcon_core.package_identification:_identify(build) by extensions ['ignore', 'ignore_ament_install']
[0.300s] Level 1:colcon.colcon_core.package_identification:_identify(build) by extension 'ignore'
[0.300s] Level 1:colcon.colcon_core.package_identification:_identify(build) ignored
[0.300s] Level 1:colcon.colcon_core.package_identification:_identify(install) by extensions ['ignore', 'ignore_ament_install']
[0.300s] Level 1:colcon.colcon_core.package_identification:_identify(install) by extension 'ignore'
[0.301s] Level 1:colcon.colcon_core.package_identification:_identify(install) ignored
[0.301s] Level 1:colcon.colcon_core.package_identification:_identify(log) by extensions ['ignore', 'ignore_ament_install']
[0.301s] Level 1:colcon.colcon_core.package_identification:_identify(log) by extension 'ignore'
[0.301s] Level 1:colcon.colcon_core.package_identification:_identify(log) ignored
[0.301s] Level 1:colcon.colcon_core.package_identification:_identify(src) by extensions ['ignore', 'ignore_ament_install']
[0.301s] Level 1:colcon.colcon_core.package_identification:_identify(src) by extension 'ignore'
[0.301s] Level 1:colcon.colcon_core.package_identification:_identify(src) by extension 'ignore_ament_install'
[0.301s] Level 1:colcon.colcon_core.package_identification:_identify(src) by extensions ['colcon_pkg']
[0.301s] Level 1:colcon.colcon_core.package_identification:_identify(src) by extension 'colcon_pkg'
[0.301s] Level 1:colcon.colcon_core.package_identification:_identify(src) by extensions ['colcon_meta']
[0.301s] Level 1:colcon.colcon_core.package_identification:_identify(src) by extension 'colcon_meta'
[0.301s] Level 1:colcon.colcon_core.package_identification:_identify(src) by extensions ['ros']
[0.301s] Level 1:colcon.colcon_core.package_identification:_identify(src) by extension 'ros'
[0.301s] Level 1:colcon.colcon_core.package_identification:_identify(src) by extensions ['cmake', 'python']
[0.301s] Level 1:colcon.colcon_core.package_identification:_identify(src) by extension 'cmake'
[0.301s] Level 1:colcon.colcon_core.package_identification:_identify(src) by extension 'python'
[0.301s] Level 1:colcon.colcon_core.package_identification:_identify(src) by extensions ['python_setup_py']
[0.301s] Level 1:colcon.colcon_core.package_identification:_identify(src) by extension 'python_setup_py'
[0.301s] Level 1:colcon.colcon_core.package_identification:_identify(src/drone_bringup) by extensions ['ignore', 'ignore_ament_install']
[0.301s] Level 1:colcon.colcon_core.package_identification:_identify(src/drone_bringup) by extension 'ignore'
[0.301s] Level 1:colcon.colcon_core.package_identification:_identify(src/drone_bringup) by extension 'ignore_ament_install'
[0.301s] Level 1:colcon.colcon_core.package_identification:_identify(src/drone_bringup) by extensions ['colcon_pkg']
[0.301s] Level 1:colcon.colcon_core.package_identification:_identify(src/drone_bringup) by extension 'colcon_pkg'
[0.301s] Level 1:colcon.colcon_core.package_identification:_identify(src/drone_bringup) by extensions ['colcon_meta']
[0.301s] Level 1:colcon.colcon_core.package_identification:_identify(src/drone_bringup) by extension 'colcon_meta'
[0.301s] Level 1:colcon.colcon_core.package_identification:_identify(src/drone_bringup) by extensions ['ros']
[0.301s] Level 1:colcon.colcon_core.package_identification:_identify(src/drone_bringup) by extension 'ros'
[0.301s] Level 1:colcon.colcon_core.package_identification:_identify(src/drone_bringup) by extensions ['cmake', 'python']
[0.302s] Level 1:colcon.colcon_core.package_identification:_identify(src/drone_bringup) by extension 'cmake'
[0.302s] Level 1:colcon.colcon_core.package_identification:_identify(src/drone_bringup) by extension 'python'
[0.302s] Level 1:colcon.colcon_core.package_identification:_identify(src/drone_bringup) by extensions ['python_setup_py']
[0.302s] Level 1:colcon.colcon_core.package_identification:_identify(src/drone_bringup) by extension 'python_setup_py'
[0.302s] Level 1:colcon.colcon_core.package_identification:_identify(src/drone_bringup/drone_bringup) by extensions ['ignore', 'ignore_ament_install']
[0.302s] Level 1:colcon.colcon_core.package_identification:_identify(src/drone_bringup/drone_bringup) by extension 'ignore'
[0.302s] Level 1:colcon.colcon_core.package_identification:_identify(src/drone_bringup/drone_bringup) by extension 'ignore_ament_install'
[0.302s] Level 1:colcon.colcon_core.package_identification:_identify(src/drone_bringup/drone_bringup) by extensions ['colcon_pkg']
[0.302s] Level 1:colcon.colcon_core.package_identification:_identify(src/drone_bringup/drone_bringup) by extension 'colcon_pkg'
[0.302s] Level 1:colcon.colcon_core.package_identification:_identify(src/drone_bringup/drone_bringup) by extensions ['colcon_meta']
[0.302s] Level 1:colcon.colcon_core.package_identification:_identify(src/drone_bringup/drone_bringup) by extension 'colcon_meta'
[0.302s] Level 1:colcon.colcon_core.package_identification:_identify(src/drone_bringup/drone_bringup) by extensions ['ros']
[0.302s] Level 1:colcon.colcon_core.package_identification:_identify(src/drone_bringup/drone_bringup) by extension 'ros'
[0.302s] Level 1:colcon.colcon_core.package_identification:_identify(src/drone_bringup/drone_bringup) by extensions ['cmake', 'python']
[0.302s] Level 1:colcon.colcon_core.package_identification:_identify(src/drone_bringup/drone_bringup) by extension 'cmake'
[0.302s] Level 1:colcon.colcon_core.package_identification:_identify(src/drone_bringup/drone_bringup) by extension 'python'
[0.302s] Level 1:colcon.colcon_core.package_identification:_identify(src/drone_bringup/drone_bringup) by extensions ['python_setup_py']
[0.302s] Level 1:colcon.colcon_core.package_identification:_identify(src/drone_bringup/drone_bringup) by extension 'python_setup_py'
[0.302s] Level 1:colcon.colcon_core.package_identification:_identify(src/drone_bringup/launch) by extensions ['ignore', 'ignore_ament_install']
[0.302s] Level 1:colcon.colcon_core.package_identification:_identify(src/drone_bringup/launch) by extension 'ignore'
[0.302s] Level 1:colcon.colcon_core.package_identification:_identify(src/drone_bringup/launch) by extension 'ignore_ament_install'
[0.302s] Level 1:colcon.colcon_core.package_identification:_identify(src/drone_bringup/launch) by extensions ['colcon_pkg']
[0.302s] Level 1:colcon.colcon_core.package_identification:_identify(src/drone_bringup/launch) by extension 'colcon_pkg'
[0.302s] Level 1:colcon.colcon_core.package_identification:_identify(src/drone_bringup/launch) by extensions ['colcon_meta']
[0.302s] Level 1:colcon.colcon_core.package_identification:_identify(src/drone_bringup/launch) by extension 'colcon_meta'
[0.302s] Level 1:colcon.colcon_core.package_identification:_identify(src/drone_bringup/launch) by extensions ['ros']
[0.302s] Level 1:colcon.colcon_core.package_identification:_identify(src/drone_bringup/launch) by extension 'ros'
[0.302s] Level 1:colcon.colcon_core.package_identification:_identify(src/drone_bringup/launch) by extensions ['cmake', 'python']
[0.302s] Level 1:colcon.colcon_core.package_identification:_identify(src/drone_bringup/launch) by extension 'cmake'
[0.302s] Level 1:colcon.colcon_core.package_identification:_identify(src/drone_bringup/launch) by extension 'python'
[0.303s] Level 1:colcon.colcon_core.package_identification:_identify(src/drone_bringup/launch) by extensions ['python_setup_py']
[0.303s] Level 1:colcon.colcon_core.package_identification:_identify(src/drone_bringup/launch) by extension 'python_setup_py'
[0.303s] Level 1:colcon.colcon_core.package_identification:_identify(src/drone_bringup/resource) by extensions ['ignore', 'ignore_ament_install']
[0.303s] Level 1:colcon.colcon_core.package_identification:_identify(src/drone_bringup/resource) by extension 'ignore'
[0.303s] Level 1:colcon.colcon_core.package_identification:_identify(src/drone_bringup/resource) by extension 'ignore_ament_install'
[0.303s] Level 1:colcon.colcon_core.package_identification:_identify(src/drone_bringup/resource) by extensions ['colcon_pkg']
[0.303s] Level 1:colcon.colcon_core.package_identification:_identify(src/drone_bringup/resource) by extension 'colcon_pkg'
[0.303s] Level 1:colcon.colcon_core.package_identification:_identify(src/drone_bringup/resource) by extensions ['colcon_meta']
[0.303s] Level 1:colcon.colcon_core.package_identification:_identify(src/drone_bringup/resource) by extension 'colcon_meta'
[0.303s] Level 1:colcon.colcon_core.package_identification:_identify(src/drone_bringup/resource) by extensions ['ros']
[0.303s] Level 1:colcon.colcon_core.package_identification:_identify(src/drone_bringup/resource) by extension 'ros'
[0.303s] Level 1:colcon.colcon_core.package_identification:_identify(src/drone_bringup/resource) by extensions ['cmake', 'python']
[0.303s] Level 1:colcon.colcon_core.package_identification:_identify(src/drone_bringup/resource) by extension 'cmake'
[0.303s] Level 1:colcon.colcon_core.package_identification:_identify(src/drone_bringup/resource) by extension 'python'
[0.303s] Level 1:colcon.colcon_core.package_identification:_identify(src/drone_bringup/resource) by extensions ['python_setup_py']
[0.303s] Level 1:colcon.colcon_core.package_identification:_identify(src/drone_bringup/resource) by extension 'python_setup_py'
[0.303s] Level 1:colcon.colcon_core.package_identification:_identify(src/drone_control) by extensions ['ignore', 'ignore_ament_install']
[0.303s] Level 1:colcon.colcon_core.package_identification:_identify(src/drone_control) by extension 'ignore'
[0.303s] Level 1:colcon.colcon_core.package_identification:_identify(src/drone_control) by extension 'ignore_ament_install'
[0.303s] Level 1:colcon.colcon_core.package_identification:_identify(src/drone_control) by extensions ['colcon_pkg']
[0.303s] Level 1:colcon.colcon_core.package_identification:_identify(src/drone_control) by extension 'colcon_pkg'
[0.303s] Level 1:colcon.colcon_core.package_identification:_identify(src/drone_control) by extensions ['colcon_meta']
[0.303s] Level 1:colcon.colcon_core.package_identification:_identify(src/drone_control) by extension 'colcon_meta'
[0.303s] Level 1:colcon.colcon_core.package_identification:_identify(src/drone_control) by extensions ['ros']
[0.304s] Level 1:colcon.colcon_core.package_identification:_identify(src/drone_control) by extension 'ros'
[0.306s] DEBUG:colcon.colcon_core.package_identification:Package 'src/drone_control' with type 'ros.ament_python' and name 'drone_control'
[0.306s] Level 1:colcon.colcon_core.package_identification:_identify(src/drone_description) by extensions ['ignore', 'ignore_ament_install']
[0.307s] Level 1:colcon.colcon_core.package_identification:_identify(src/drone_description) by extension 'ignore'
[0.307s] Level 1:colcon.colcon_core.package_identification:_identify(src/drone_description) by extension 'ignore_ament_install'
[0.307s] Level 1:colcon.colcon_core.package_identification:_identify(src/drone_description) by extensions ['colcon_pkg']
[0.307s] Level 1:colcon.colcon_core.package_identification:_identify(src/drone_description) by extension 'colcon_pkg'
[0.307s] Level 1:colcon.colcon_core.package_identification:_identify(src/drone_description) by extensions ['colcon_meta']
[0.307s] Level 1:colcon.colcon_core.package_identification:_identify(src/drone_description) by extension 'colcon_meta'
[0.307s] Level 1:colcon.colcon_core.package_identification:_identify(src/drone_description) by extensions ['ros']
[0.307s] Level 1:colcon.colcon_core.package_identification:_identify(src/drone_description) by extension 'ros'
[0.307s] Level 1:colcon.colcon_core.package_identification:_identify(src/drone_description) by extensions ['cmake', 'python']
[0.307s] Level 1:colcon.colcon_core.package_identification:_identify(src/drone_description) by extension 'cmake'
[0.307s] Level 1:colcon.colcon_core.package_identification:_identify(src/drone_description) by extension 'python'
[0.307s] Level 1:colcon.colcon_core.package_identification:_identify(src/drone_description) by extensions ['python_setup_py']
[0.307s] Level 1:colcon.colcon_core.package_identification:_identify(src/drone_description) by extension 'python_setup_py'
[0.307s] Level 1:colcon.colcon_core.package_identification:_identify(src/drone_description/config) by extensions ['ignore', 'ignore_ament_install']
[0.307s] Level 1:colcon.colcon_core.package_identification:_identify(src/drone_description/config) by extension 'ignore'
[0.307s] Level 1:colcon.colcon_core.package_identification:_identify(src/drone_description/config) by extension 'ignore_ament_install'
[0.308s] Level 1:colcon.colcon_core.package_identification:_identify(src/drone_description/config) by extensions ['colcon_pkg']
[0.308s] Level 1:colcon.colcon_core.package_identification:_identify(src/drone_description/config) by extension 'colcon_pkg'
[0.308s] Level 1:colcon.colcon_core.package_identification:_identify(src/drone_description/config) by extensions ['colcon_meta']
[0.308s] Level 1:colcon.colcon_core.package_identification:_identify(src/drone_description/config) by extension 'colcon_meta'
[0.308s] Level 1:colcon.colcon_core.package_identification:_identify(src/drone_description/config) by extensions ['ros']
[0.308s] Level 1:colcon.colcon_core.package_identification:_identify(src/drone_description/config) by extension 'ros'
[0.308s] Level 1:colcon.colcon_core.package_identification:_identify(src/drone_description/config) by extensions ['cmake', 'python']
[0.308s] Level 1:colcon.colcon_core.package_identification:_identify(src/drone_description/config) by extension 'cmake'
[0.308s] Level 1:colcon.colcon_core.package_identification:_identify(src/drone_description/config) by extension 'python'
[0.308s] Level 1:colcon.colcon_core.package_identification:_identify(src/drone_description/config) by extensions ['python_setup_py']
[0.308s] Level 1:colcon.colcon_core.package_identification:_identify(src/drone_description/config) by extension 'python_setup_py'
[0.308s] Level 1:colcon.colcon_core.package_identification:_identify(src/drone_description/launch) by extensions ['ignore', 'ignore_ament_install']
[0.308s] Level 1:colcon.colcon_core.package_identification:_identify(src/drone_description/launch) by extension 'ignore'
[0.308s] Level 1:colcon.colcon_core.package_identification:_identify(src/drone_description/launch) by extension 'ignore_ament_install'
[0.308s] Level 1:colcon.colcon_core.package_identification:_identify(src/drone_description/launch) by extensions ['colcon_pkg']
[0.308s] Level 1:colcon.colcon_core.package_identification:_identify(src/drone_description/launch) by extension 'colcon_pkg'
[0.308s] Level 1:colcon.colcon_core.package_identification:_identify(src/drone_description/launch) by extensions ['colcon_meta']
[0.308s] Level 1:colcon.colcon_core.package_identification:_identify(src/drone_description/launch) by extension 'colcon_meta'
[0.308s] Level 1:colcon.colcon_core.package_identification:_identify(src/drone_description/launch) by extensions ['ros']
[0.308s] Level 1:colcon.colcon_core.package_identification:_identify(src/drone_description/launch) by extension 'ros'
[0.308s] Level 1:colcon.colcon_core.package_identification:_identify(src/drone_description/launch) by extensions ['cmake', 'python']
[0.308s] Level 1:colcon.colcon_core.package_identification:_identify(src/drone_description/launch) by extension 'cmake'
[0.308s] Level 1:colcon.colcon_core.package_identification:_identify(src/drone_description/launch) by extension 'python'
[0.308s] Level 1:colcon.colcon_core.package_identification:_identify(src/drone_description/launch) by extensions ['python_setup_py']
[0.308s] Level 1:colcon.colcon_core.package_identification:_identify(src/drone_description/launch) by extension 'python_setup_py'
[0.308s] Level 1:colcon.colcon_core.package_identification:_identify(src/drone_description/meshes) by extensions ['ignore', 'ignore_ament_install']
[0.308s] Level 1:colcon.colcon_core.package_identification:_identify(src/drone_description/meshes) by extension 'ignore'
[0.308s] Level 1:colcon.colcon_core.package_identification:_identify(src/drone_description/meshes) by extension 'ignore_ament_install'
[0.308s] Level 1:colcon.colcon_core.package_identification:_identify(src/drone_description/meshes) by extensions ['colcon_pkg']
[0.308s] Level 1:colcon.colcon_core.package_identification:_identify(src/drone_description/meshes) by extension 'colcon_pkg'
[0.308s] Level 1:colcon.colcon_core.package_identification:_identify(src/drone_description/meshes) by extensions ['colcon_meta']
[0.308s] Level 1:colcon.colcon_core.package_identification:_identify(src/drone_description/meshes) by extension 'colcon_meta'
[0.308s] Level 1:colcon.colcon_core.package_identification:_identify(src/drone_description/meshes) by extensions ['ros']
[0.309s] Level 1:colcon.colcon_core.package_identification:_identify(src/drone_description/meshes) by extension 'ros'
[0.309s] Level 1:colcon.colcon_core.package_identification:_identify(src/drone_description/meshes) by extensions ['cmake', 'python']
[0.309s] Level 1:colcon.colcon_core.package_identification:_identify(src/drone_description/meshes) by extension 'cmake'
[0.309s] Level 1:colcon.colcon_core.package_identification:_identify(src/drone_description/meshes) by extension 'python'
[0.309s] Level 1:colcon.colcon_core.package_identification:_identify(src/drone_description/meshes) by extensions ['python_setup_py']
[0.309s] Level 1:colcon.colcon_core.package_identification:_identify(src/drone_description/meshes) by extension 'python_setup_py'
[0.309s] Level 1:colcon.colcon_core.package_identification:_identify(src/drone_description/urdf) by extensions ['ignore', 'ignore_ament_install']
[0.309s] Level 1:colcon.colcon_core.package_identification:_identify(src/drone_description/urdf) by extension 'ignore'
[0.309s] Level 1:colcon.colcon_core.package_identification:_identify(src/drone_description/urdf) by extension 'ignore_ament_install'
[0.309s] Level 1:colcon.colcon_core.package_identification:_identify(src/drone_description/urdf) by extensions ['colcon_pkg']
[0.309s] Level 1:colcon.colcon_core.package_identification:_identify(src/drone_description/urdf) by extension 'colcon_pkg'
[0.309s] Level 1:colcon.colcon_core.package_identification:_identify(src/drone_description/urdf) by extensions ['colcon_meta']
[0.309s] Level 1:colcon.colcon_core.package_identification:_identify(src/drone_description/urdf) by extension 'colcon_meta'
[0.309s] Level 1:colcon.colcon_core.package_identification:_identify(src/drone_description/urdf) by extensions ['ros']
[0.309s] Level 1:colcon.colcon_core.package_identification:_identify(src/drone_description/urdf) by extension 'ros'
[0.309s] Level 1:colcon.colcon_core.package_identification:_identify(src/drone_description/urdf) by extensions ['cmake', 'python']
[0.309s] Level 1:colcon.colcon_core.package_identification:_identify(src/drone_description/urdf) by extension 'cmake'
[0.309s] Level 1:colcon.colcon_core.package_identification:_identify(src/drone_description/urdf) by extension 'python'
[0.309s] Level 1:colcon.colcon_core.package_identification:_identify(src/drone_description/urdf) by extensions ['python_setup_py']
[0.309s] Level 1:colcon.colcon_core.package_identification:_identify(src/drone_description/urdf) by extension 'python_setup_py'
[0.309s] Level 1:colcon.colcon_core.package_identification:_identify(src/drone_description/worlds) by extensions ['ignore', 'ignore_ament_install']
[0.309s] Level 1:colcon.colcon_core.package_identification:_identify(src/drone_description/worlds) by extension 'ignore'
[0.309s] Level 1:colcon.colcon_core.package_identification:_identify(src/drone_description/worlds) by extension 'ignore_ament_install'
[0.309s] Level 1:colcon.colcon_core.package_identification:_identify(src/drone_description/worlds) by extensions ['colcon_pkg']
[0.309s] Level 1:colcon.colcon_core.package_identification:_identify(src/drone_description/worlds) by extension 'colcon_pkg'
[0.309s] Level 1:colcon.colcon_core.package_identification:_identify(src/drone_description/worlds) by extensions ['colcon_meta']
[0.309s] Level 1:colcon.colcon_core.package_identification:_identify(src/drone_description/worlds) by extension 'colcon_meta'
[0.310s] Level 1:colcon.colcon_core.package_identification:_identify(src/drone_description/worlds) by extensions ['ros']
[0.310s] Level 1:colcon.colcon_core.package_identification:_identify(src/drone_description/worlds) by extension 'ros'
[0.310s] Level 1:colcon.colcon_core.package_identification:_identify(src/drone_description/worlds) by extensions ['cmake', 'python']
[0.310s] Level 1:colcon.colcon_core.package_identification:_identify(src/drone_description/worlds) by extension 'cmake'
[0.310s] Level 1:colcon.colcon_core.package_identification:_identify(src/drone_description/worlds) by extension 'python'
[0.310s] Level 1:colcon.colcon_core.package_identification:_identify(src/drone_description/worlds) by extensions ['python_setup_py']
[0.310s] Level 1:colcon.colcon_core.package_identification:_identify(src/drone_description/worlds) by extension 'python_setup_py'
[0.310s] Level 1:colcon.colcon_core.package_identification:_identify(src/drone_gazebo) by extensions ['ignore', 'ignore_ament_install']
[0.310s] Level 1:colcon.colcon_core.package_identification:_identify(src/drone_gazebo) by extension 'ignore'
[0.310s] Level 1:colcon.colcon_core.package_identification:_identify(src/drone_gazebo) by extension 'ignore_ament_install'
[0.310s] Level 1:colcon.colcon_core.package_identification:_identify(src/drone_gazebo) by extensions ['colcon_pkg']
[0.310s] Level 1:colcon.colcon_core.package_identification:_identify(src/drone_gazebo) by extension 'colcon_pkg'
[0.310s] Level 1:colcon.colcon_core.package_identification:_identify(src/drone_gazebo) by extensions ['colcon_meta']
[0.310s] Level 1:colcon.colcon_core.package_identification:_identify(src/drone_gazebo) by extension 'colcon_meta'
[0.310s] Level 1:colcon.colcon_core.package_identification:_identify(src/drone_gazebo) by extensions ['ros']
[0.310s] Level 1:colcon.colcon_core.package_identification:_identify(src/drone_gazebo) by extension 'ros'
[0.310s] Level 1:colcon.colcon_core.package_identification:_identify(src/drone_gazebo) by extensions ['cmake', 'python']
[0.310s] Level 1:colcon.colcon_core.package_identification:_identify(src/drone_gazebo) by extension 'cmake'
[0.310s] Level 1:colcon.colcon_core.package_identification:_identify(src/drone_gazebo) by extension 'python'
[0.310s] Level 1:colcon.colcon_core.package_identification:_identify(src/drone_gazebo) by extensions ['python_setup_py']
[0.310s] Level 1:colcon.colcon_core.package_identification:_identify(src/drone_gazebo) by extension 'python_setup_py'
[0.310s] Level 1:colcon.colcon_core.package_identification:_identify(src/drone_gazebo/config) by extensions ['ignore', 'ignore_ament_install']
[0.310s] Level 1:colcon.colcon_core.package_identification:_identify(src/drone_gazebo/config) by extension 'ignore'
[0.310s] Level 1:colcon.colcon_core.package_identification:_identify(src/drone_gazebo/config) by extension 'ignore_ament_install'
[0.310s] Level 1:colcon.colcon_core.package_identification:_identify(src/drone_gazebo/config) by extensions ['colcon_pkg']
[0.311s] Level 1:colcon.colcon_core.package_identification:_identify(src/drone_gazebo/config) by extension 'colcon_pkg'
[0.311s] Level 1:colcon.colcon_core.package_identification:_identify(src/drone_gazebo/config) by extensions ['colcon_meta']
[0.311s] Level 1:colcon.colcon_core.package_identification:_identify(src/drone_gazebo/config) by extension 'colcon_meta'
[0.311s] Level 1:colcon.colcon_core.package_identification:_identify(src/drone_gazebo/config) by extensions ['ros']
[0.311s] Level 1:colcon.colcon_core.package_identification:_identify(src/drone_gazebo/config) by extension 'ros'
[0.311s] Level 1:colcon.colcon_core.package_identification:_identify(src/drone_gazebo/config) by extensions ['cmake', 'python']
[0.311s] Level 1:colcon.colcon_core.package_identification:_identify(src/drone_gazebo/config) by extension 'cmake'
[0.311s] Level 1:colcon.colcon_core.package_identification:_identify(src/drone_gazebo/config) by extension 'python'
[0.311s] Level 1:colcon.colcon_core.package_identification:_identify(src/drone_gazebo/config) by extensions ['python_setup_py']
[0.311s] Level 1:colcon.colcon_core.package_identification:_identify(src/drone_gazebo/config) by extension 'python_setup_py'
[0.311s] Level 1:colcon.colcon_core.package_identification:_identify(src/drone_gazebo/launch) by extensions ['ignore', 'ignore_ament_install']
[0.311s] Level 1:colcon.colcon_core.package_identification:_identify(src/drone_gazebo/launch) by extension 'ignore'
[0.311s] Level 1:colcon.colcon_core.package_identification:_identify(src/drone_gazebo/launch) by extension 'ignore_ament_install'
[0.311s] Level 1:colcon.colcon_core.package_identification:_identify(src/drone_gazebo/launch) by extensions ['colcon_pkg']
[0.311s] Level 1:colcon.colcon_core.package_identification:_identify(src/drone_gazebo/launch) by extension 'colcon_pkg'
[0.311s] Level 1:colcon.colcon_core.package_identification:_identify(src/drone_gazebo/launch) by extensions ['colcon_meta']
[0.311s] Level 1:colcon.colcon_core.package_identification:_identify(src/drone_gazebo/launch) by extension 'colcon_meta'
[0.311s] Level 1:colcon.colcon_core.package_identification:_identify(src/drone_gazebo/launch) by extensions ['ros']
[0.311s] Level 1:colcon.colcon_core.package_identification:_identify(src/drone_gazebo/launch) by extension 'ros'
[0.311s] Level 1:colcon.colcon_core.package_identification:_identify(src/drone_gazebo/launch) by extensions ['cmake', 'python']
[0.311s] Level 1:colcon.colcon_core.package_identification:_identify(src/drone_gazebo/launch) by extension 'cmake'
[0.311s] Level 1:colcon.colcon_core.package_identification:_identify(src/drone_gazebo/launch) by extension 'python'
[0.311s] Level 1:colcon.colcon_core.package_identification:_identify(src/drone_gazebo/launch) by extensions ['python_setup_py']
[0.311s] Level 1:colcon.colcon_core.package_identification:_identify(src/drone_gazebo/launch) by extension 'python_setup_py'
[0.311s] Level 1:colcon.colcon_core.package_identification:_identify(src/drone_gazebo/worlds) by extensions ['ignore', 'ignore_ament_install']
[0.312s] Level 1:colcon.colcon_core.package_identification:_identify(src/drone_gazebo/worlds) by extension 'ignore'
[0.312s] Level 1:colcon.colcon_core.package_identification:_identify(src/drone_gazebo/worlds) by extension 'ignore_ament_install'
[0.312s] Level 1:colcon.colcon_core.package_identification:_identify(src/drone_gazebo/worlds) by extensions ['colcon_pkg']
[0.312s] Level 1:colcon.colcon_core.package_identification:_identify(src/drone_gazebo/worlds) by extension 'colcon_pkg'
[0.312s] Level 1:colcon.colcon_core.package_identification:_identify(src/drone_gazebo/worlds) by extensions ['colcon_meta']
[0.312s] Level 1:colcon.colcon_core.package_identification:_identify(src/drone_gazebo/worlds) by extension 'colcon_meta'
[0.312s] Level 1:colcon.colcon_core.package_identification:_identify(src/drone_gazebo/worlds) by extensions ['ros']
[0.312s] Level 1:colcon.colcon_core.package_identification:_identify(src/drone_gazebo/worlds) by extension 'ros'
[0.312s] Level 1:colcon.colcon_core.package_identification:_identify(src/drone_gazebo/worlds) by extensions ['cmake', 'python']
[0.312s] Level 1:colcon.colcon_core.package_identification:_identify(src/drone_gazebo/worlds) by extension 'cmake'
[0.312s] Level 1:colcon.colcon_core.package_identification:_identify(src/drone_gazebo/worlds) by extension 'python'
[0.312s] Level 1:colcon.colcon_core.package_identification:_identify(src/drone_gazebo/worlds) by extensions ['python_setup_py']
[0.312s] Level 1:colcon.colcon_core.package_identification:_identify(src/drone_gazebo/worlds) by extension 'python_setup_py'
[0.312s] Level 1:colcon.colcon_core.package_identification:_identify(src/px4_msgs) by extensions ['ignore', 'ignore_ament_install']
[0.312s] Level 1:colcon.colcon_core.package_identification:_identify(src/px4_msgs) by extension 'ignore'
[0.312s] Level 1:colcon.colcon_core.package_identification:_identify(src/px4_msgs) by extension 'ignore_ament_install'
[0.312s] Level 1:colcon.colcon_core.package_identification:_identify(src/px4_msgs) by extensions ['colcon_pkg']
[0.312s] Level 1:colcon.colcon_core.package_identification:_identify(src/px4_msgs) by extension 'colcon_pkg'
[0.312s] Level 1:colcon.colcon_core.package_identification:_identify(src/px4_msgs) by extensions ['colcon_meta']
[0.312s] Level 1:colcon.colcon_core.package_identification:_identify(src/px4_msgs) by extension 'colcon_meta'
[0.312s] Level 1:colcon.colcon_core.package_identification:_identify(src/px4_msgs) by extensions ['ros']
[0.312s] Level 1:colcon.colcon_core.package_identification:_identify(src/px4_msgs) by extension 'ros'
[0.313s] DEBUG:colcon.colcon_core.package_identification:Package 'src/px4_msgs' with type 'ros.ament_cmake' and name 'px4_msgs'
[0.313s] Level 1:colcon.colcon_core.package_discovery:discover_packages(recursive) using defaults
[0.313s] Level 1:colcon.colcon_core.package_discovery:discover_packages(ignore) discover
[0.313s] Level 1:colcon.colcon_core.package_discovery:discover_packages(ignore) using defaults
[0.313s] Level 1:colcon.colcon_core.package_discovery:discover_packages(path) discover
[0.313s] Level 1:colcon.colcon_core.package_discovery:discover_packages(path) using defaults
[0.333s] Level 1:colcon.colcon_core.package_discovery:discover_packages(prefix_path) check parameters
[0.333s] Level 1:colcon.colcon_core.package_discovery:discover_packages(prefix_path) discover
[0.335s] DEBUG:colcon.colcon_installed_package_information.package_discovery:Found 2 installed packages in /home/monu/drone_ws/install
[0.335s] DEBUG:colcon.colcon_installed_package_information.package_discovery:Found 0 installed packages in /home/monu/drone_ws/src/drone_control/drone_control/install
[0.337s] DEBUG:colcon.colcon_installed_package_information.package_discovery:Found 345 installed packages in /opt/ros/humble
[0.339s] Level 1:colcon.colcon_core.package_discovery:discover_packages(prefix_path) using defaults
[0.378s] Level 5:colcon.colcon_core.verb:set package 'px4_msgs' build argument 'cmake_args' from command line to 'None'
[0.378s] Level 5:colcon.colcon_core.verb:set package 'px4_msgs' build argument 'cmake_target' from command line to 'None'
[0.378s] Level 5:colcon.colcon_core.verb:set package 'px4_msgs' build argument 'cmake_target_skip_unavailable' from command line to 'False'
[0.378s] Level 5:colcon.colcon_core.verb:set package 'px4_msgs' build argument 'cmake_clean_cache' from command line to 'False'
[0.378s] Level 5:colcon.colcon_core.verb:set package 'px4_msgs' build argument 'cmake_clean_first' from command line to 'False'
[0.378s] Level 5:colcon.colcon_core.verb:set package 'px4_msgs' build argument 'cmake_force_configure' from command line to 'False'
[0.378s] Level 5:colcon.colcon_core.verb:set package 'px4_msgs' build argument 'ament_cmake_args' from command line to 'None'
[0.378s] Level 5:colcon.colcon_core.verb:set package 'px4_msgs' build argument 'catkin_cmake_args' from command line to 'None'
[0.378s] Level 5:colcon.colcon_core.verb:set package 'px4_msgs' build argument 'catkin_skip_building_tests' from command line to 'False'
[0.378s] DEBUG:colcon.colcon_core.verb:Building package 'px4_msgs' with the following arguments: {'ament_cmake_args': None, 'build_base': '/home/monu/drone_ws/build/px4_msgs', 'catkin_cmake_args': None, 'catkin_skip_building_tests': False, 'cmake_args': None, 'cmake_clean_cache': False, 'cmake_clean_first': False, 'cmake_force_configure': False, 'cmake_target': None, 'cmake_target_skip_unavailable': False, 'install_base': '/home/monu/drone_ws/install/px4_msgs', 'merge_install': False, 'path': '/home/monu/drone_ws/src/px4_msgs', 'symlink_install': True, 'test_result_base': None}
[0.379s] Level 5:colcon.colcon_core.verb:set package 'drone_control' build argument 'cmake_args' from command line to 'None'
[0.379s] Level 5:colcon.colcon_core.verb:set package 'drone_control' build argument 'cmake_target' from command line to 'None'
[0.379s] Level 5:colcon.colcon_core.verb:set package 'drone_control' build argument 'cmake_target_skip_unavailable' from command line to 'False'
[0.379s] Level 5:colcon.colcon_core.verb:set package 'drone_control' build argument 'cmake_clean_cache' from command line to 'False'
[0.379s] Level 5:colcon.colcon_core.verb:set package 'drone_control' build argument 'cmake_clean_first' from command line to 'False'
[0.379s] Level 5:colcon.colcon_core.verb:set package 'drone_control' build argument 'cmake_force_configure' from command line to 'False'
[0.379s] Level 5:colcon.colcon_core.verb:set package 'drone_control' build argument 'ament_cmake_args' from command line to 'None'
[0.379s] Level 5:colcon.colcon_core.verb:set package 'drone_control' build argument 'catkin_cmake_args' from command line to 'None'
[0.379s] Level 5:colcon.colcon_core.verb:set package 'drone_control' build argument 'catkin_skip_building_tests' from command line to 'False'
[0.379s] DEBUG:colcon.colcon_core.verb:Building package 'drone_control' with the following arguments: {'ament_cmake_args': None, 'build_base': '/home/monu/drone_ws/build/drone_control', 'catkin_cmake_args': None, 'catkin_skip_building_tests': False, 'cmake_args': None, 'cmake_clean_cache': False, 'cmake_clean_first': False, 'cmake_force_configure': False, 'cmake_target': None, 'cmake_target_skip_unavailable': False, 'install_base': '/home/monu/drone_ws/install/drone_control', 'merge_install': False, 'path': '/home/monu/drone_ws/src/drone_control', 'symlink_install': True, 'test_result_base': None}
[0.379s] INFO:colcon.colcon_core.executor:Executing jobs using 'parallel' executor
[0.380s] DEBUG:colcon.colcon_parallel_executor.executor.parallel:run_until_complete
[0.380s] INFO:colcon.colcon_ros.task.ament_cmake.build:Building ROS package in '/home/monu/drone_ws/src/px4_msgs' with build type 'ament_cmake'
[0.380s] INFO:colcon.colcon_cmake.task.cmake.build:Building CMake package in '/home/monu/drone_ws/src/px4_msgs'
[0.382s] INFO:colcon.colcon_core.plugin_system:Skipping extension 'colcon_core.shell.bat': Not used on non-Windows systems
[0.382s] INFO:colcon.colcon_core.shell:Skip shell extension 'powershell' for command environment: Not usable outside of PowerShell
[0.382s] DEBUG:colcon.colcon_core.shell:Skip shell extension 'dsv' for command environment
[0.394s] DEBUG:colcon.colcon_core.event_handler.log_command:Invoking command in '/home/monu/drone_ws/build/px4_msgs': CMAKE_PREFIX_PATH=${CMAKE_PREFIX_PATH}:/home/monu/drone_ws/install/drone_control:/opt/ros/humble /usr/bin/cmake --build /home/monu/drone_ws/build/px4_msgs -- -j12 -l12
[2.139s] DEBUG:colcon.colcon_core.event_handler.log_command:Invoked command in '/home/monu/drone_ws/build/px4_msgs' returned '0': CMAKE_PREFIX_PATH=${CMAKE_PREFIX_PATH}:/home/monu/drone_ws/install/drone_control:/opt/ros/humble /usr/bin/cmake --build /home/monu/drone_ws/build/px4_msgs -- -j12 -l12
[2.152s] DEBUG:colcon.colcon_core.event_handler.log_command:Invoking command in '/home/monu/drone_ws/build/px4_msgs': CMAKE_PREFIX_PATH=${CMAKE_PREFIX_PATH}:/home/monu/drone_ws/install/drone_control:/opt/ros/humble /usr/bin/cmake --install /home/monu/drone_ws/build/px4_msgs
[2.779s] Level 1:colcon.colcon_core.environment:create_environment_scripts_only(px4_msgs)
[2.780s] DEBUG:colcon.colcon_core.event_handler.log_command:Invoked command in '/home/monu/drone_ws/build/px4_msgs' returned '0': CMAKE_PREFIX_PATH=${CMAKE_PREFIX_PATH}:/home/monu/drone_ws/install/drone_control:/opt/ros/humble /usr/bin/cmake --install /home/monu/drone_ws/build/px4_msgs
[2.782s] Level 1:colcon.colcon_core.environment:checking '/home/monu/drone_ws/install/px4_msgs' for CMake module files
[2.783s] Level 1:colcon.colcon_core.environment:checking '/home/monu/drone_ws/install/px4_msgs' for CMake config files
[2.784s] Level 1:colcon.colcon_core.shell:create_environment_hook('px4_msgs', 'cmake_prefix_path')
[2.785s] INFO:colcon.colcon_core.shell:Creating environment hook '/home/monu/drone_ws/install/px4_msgs/share/px4_msgs/hook/cmake_prefix_path.ps1'
[2.786s] INFO:colcon.colcon_core.shell:Creating environment descriptor '/home/monu/drone_ws/install/px4_msgs/share/px4_msgs/hook/cmake_prefix_path.dsv'
[2.786s] INFO:colcon.colcon_core.shell:Creating environment hook '/home/monu/drone_ws/install/px4_msgs/share/px4_msgs/hook/cmake_prefix_path.sh'
[2.788s] Level 1:colcon.colcon_core.environment:checking '/home/monu/drone_ws/install/px4_msgs/lib'
[2.788s] Level 1:colcon.colcon_core.shell:create_environment_hook('px4_msgs', 'ld_library_path_lib')
[2.789s] INFO:colcon.colcon_core.shell:Creating environment hook '/home/monu/drone_ws/install/px4_msgs/share/px4_msgs/hook/ld_library_path_lib.ps1'
[2.790s] INFO:colcon.colcon_core.shell:Creating environment descriptor '/home/monu/drone_ws/install/px4_msgs/share/px4_msgs/hook/ld_library_path_lib.dsv'
[2.790s] INFO:colcon.colcon_core.shell:Creating environment hook '/home/monu/drone_ws/install/px4_msgs/share/px4_msgs/hook/ld_library_path_lib.sh'
[2.791s] Level 1:colcon.colcon_core.environment:checking '/home/monu/drone_ws/install/px4_msgs/bin'
[2.791s] Level 1:colcon.colcon_core.environment:checking '/home/monu/drone_ws/install/px4_msgs/lib/pkgconfig/px4_msgs.pc'
[2.792s] Level 1:colcon.colcon_core.environment:checking '/home/monu/drone_ws/install/px4_msgs/lib/python3.10/site-packages'
[2.792s] Level 1:colcon.colcon_core.environment:checking '/home/monu/drone_ws/install/px4_msgs/bin'
[2.793s] INFO:colcon.colcon_core.shell:Creating package script '/home/monu/drone_ws/install/px4_msgs/share/px4_msgs/package.ps1'
[2.795s] INFO:colcon.colcon_core.shell:Creating package descriptor '/home/monu/drone_ws/install/px4_msgs/share/px4_msgs/package.dsv'
[2.796s] INFO:colcon.colcon_core.shell:Creating package script '/home/monu/drone_ws/install/px4_msgs/share/px4_msgs/package.sh'
[2.797s] INFO:colcon.colcon_core.shell:Creating package script '/home/monu/drone_ws/install/px4_msgs/share/px4_msgs/package.bash'
[2.798s] INFO:colcon.colcon_core.shell:Creating package script '/home/monu/drone_ws/install/px4_msgs/share/px4_msgs/package.zsh'
[2.799s] Level 1:colcon.colcon_core.environment:create_file_with_runtime_dependencies(/home/monu/drone_ws/install/px4_msgs/share/colcon-core/packages/px4_msgs)
[2.800s] Level 1:colcon.colcon_core.environment:create_environment_scripts_only(px4_msgs)
[2.800s] Level 1:colcon.colcon_core.environment:checking '/home/monu/drone_ws/install/px4_msgs' for CMake module files
[2.801s] Level 1:colcon.colcon_core.environment:checking '/home/monu/drone_ws/install/px4_msgs' for CMake config files
[2.802s] Level 1:colcon.colcon_core.shell:create_environment_hook('px4_msgs', 'cmake_prefix_path')
[2.802s] INFO:colcon.colcon_core.shell:Creating environment hook '/home/monu/drone_ws/install/px4_msgs/share/px4_msgs/hook/cmake_prefix_path.ps1'
[2.805s] INFO:colcon.colcon_core.shell:Creating environment descriptor '/home/monu/drone_ws/install/px4_msgs/share/px4_msgs/hook/cmake_prefix_path.dsv'
[2.805s] INFO:colcon.colcon_core.shell:Creating environment hook '/home/monu/drone_ws/install/px4_msgs/share/px4_msgs/hook/cmake_prefix_path.sh'
[2.806s] Level 1:colcon.colcon_core.environment:checking '/home/monu/drone_ws/install/px4_msgs/lib'
[2.807s] Level 1:colcon.colcon_core.shell:create_environment_hook('px4_msgs', 'ld_library_path_lib')
[2.807s] INFO:colcon.colcon_core.shell:Creating environment hook '/home/monu/drone_ws/install/px4_msgs/share/px4_msgs/hook/ld_library_path_lib.ps1'
[2.808s] INFO:colcon.colcon_core.shell:Creating environment descriptor '/home/monu/drone_ws/install/px4_msgs/share/px4_msgs/hook/ld_library_path_lib.dsv'
[2.809s] INFO:colcon.colcon_core.shell:Creating environment hook '/home/monu/drone_ws/install/px4_msgs/share/px4_msgs/hook/ld_library_path_lib.sh'
[2.809s] Level 1:colcon.colcon_core.environment:checking '/home/monu/drone_ws/install/px4_msgs/bin'
[2.809s] Level 1:colcon.colcon_core.environment:checking '/home/monu/drone_ws/install/px4_msgs/lib/pkgconfig/px4_msgs.pc'
[2.810s] Level 1:colcon.colcon_core.environment:checking '/home/monu/drone_ws/install/px4_msgs/lib/python3.10/site-packages'
[2.810s] Level 1:colcon.colcon_core.environment:checking '/home/monu/drone_ws/install/px4_msgs/bin'
[2.810s] INFO:colcon.colcon_core.shell:Creating package script '/home/monu/drone_ws/install/px4_msgs/share/px4_msgs/package.ps1'
[2.811s] INFO:colcon.colcon_core.shell:Creating package descriptor '/home/monu/drone_ws/install/px4_msgs/share/px4_msgs/package.dsv'
[2.812s] INFO:colcon.colcon_core.shell:Creating package script '/home/monu/drone_ws/install/px4_msgs/share/px4_msgs/package.sh'
[2.812s] INFO:colcon.colcon_core.shell:Creating package script '/home/monu/drone_ws/install/px4_msgs/share/px4_msgs/package.bash'
[2.813s] INFO:colcon.colcon_core.shell:Creating package script '/home/monu/drone_ws/install/px4_msgs/share/px4_msgs/package.zsh'
[2.813s] Level 1:colcon.colcon_core.environment:create_file_with_runtime_dependencies(/home/monu/drone_ws/install/px4_msgs/share/colcon-core/packages/px4_msgs)
[2.814s] INFO:colcon.colcon_ros.task.ament_python.build:Building ROS package in '/home/monu/drone_ws/src/drone_control' with build type 'ament_python'
[2.814s] Level 1:colcon.colcon_core.shell:create_environment_hook('drone_control', 'ament_prefix_path')
[2.814s] INFO:colcon.colcon_core.shell:Creating environment hook '/home/monu/drone_ws/install/drone_control/share/drone_control/hook/ament_prefix_path.ps1'
[2.816s] INFO:colcon.colcon_core.shell:Creating environment descriptor '/home/monu/drone_ws/install/drone_control/share/drone_control/hook/ament_prefix_path.dsv'
[2.816s] INFO:colcon.colcon_core.shell:Creating environment hook '/home/monu/drone_ws/install/drone_control/share/drone_control/hook/ament_prefix_path.sh'
[2.818s] INFO:colcon.colcon_core.shell:Skip shell extension 'powershell' for command environment: Not usable outside of PowerShell
[2.818s] DEBUG:colcon.colcon_core.shell:Skip shell extension 'dsv' for command environment
[3.178s] WARNING:colcon.colcon_ros.task.ament_python.build:Package 'drone_control' doesn't explicitly install a marker in the package index (colcon-ros currently does it implicitly but that fallback will be removed in the future)
[3.179s] WARNING:colcon.colcon_ros.task.ament_python.build:Package 'drone_control' doesn't explicitly install the 'package.xml' file (colcon-ros currently does it implicitly but that fallback will be removed in the future)
[3.179s] INFO:colcon.colcon_core.task.python.build:Building Python package in '/home/monu/drone_ws/src/drone_control'
[3.179s] INFO:colcon.colcon_core.shell:Skip shell extension 'powershell' for command environment: Not usable outside of PowerShell
[3.179s] DEBUG:colcon.colcon_core.shell:Skip shell extension 'dsv' for command environment
[3.686s] DEBUG:colcon.colcon_core.event_handler.log_command:Invoking command in '/home/monu/drone_ws/build/drone_control': PYTHONPATH=/home/monu/drone_ws/build/drone_control/prefix_override:/usr/lib/python3/dist-packages/colcon_core/task/python/colcon_distutils_commands:/home/monu/drone_ws/install/drone_control/lib/python3.10/site-packages:${PYTHONPATH} /usr/bin/python3 -W ignore:setup.py install is deprecated -W ignore:easy_install command is deprecated setup.py develop --editable --build-directory /home/monu/drone_ws/build/drone_control/build --no-deps
[4.225s] Level 1:colcon.colcon_core.shell:create_environment_hook('drone_control', 'pythonpath_develop')
[4.226s] INFO:colcon.colcon_core.shell:Creating environment hook '/home/monu/drone_ws/build/drone_control/share/drone_control/hook/pythonpath_develop.ps1'
[4.226s] DEBUG:colcon.colcon_core.event_handler.log_command:Invoked command in '/home/monu/drone_ws/build/drone_control' returned '0': PYTHONPATH=/home/monu/drone_ws/build/drone_control/prefix_override:/usr/lib/python3/dist-packages/colcon_core/task/python/colcon_distutils_commands:/home/monu/drone_ws/install/drone_control/lib/python3.10/site-packages:${PYTHONPATH} /usr/bin/python3 -W ignore:setup.py install is deprecated -W ignore:easy_install command is deprecated setup.py develop --editable --build-directory /home/monu/drone_ws/build/drone_control/build --no-deps
[4.226s] INFO:colcon.colcon_core.shell:Creating environment descriptor '/home/monu/drone_ws/build/drone_control/share/drone_control/hook/pythonpath_develop.dsv'
[4.227s] INFO:colcon.colcon_core.shell:Creating environment hook '/home/monu/drone_ws/build/drone_control/share/drone_control/hook/pythonpath_develop.sh'
[4.228s] Level 1:colcon.colcon_core.environment:checking '/home/monu/drone_ws/install/drone_control' for CMake module files
[4.228s] Level 1:colcon.colcon_core.environment:checking '/home/monu/drone_ws/install/drone_control' for CMake config files
[4.229s] Level 1:colcon.colcon_core.environment:checking '/home/monu/drone_ws/install/drone_control/lib'
[4.229s] Level 1:colcon.colcon_core.environment:checking '/home/monu/drone_ws/install/drone_control/bin'
[4.229s] Level 1:colcon.colcon_core.environment:checking '/home/monu/drone_ws/install/drone_control/lib/pkgconfig/drone_control.pc'
[4.230s] Level 1:colcon.colcon_core.environment:checking '/home/monu/drone_ws/install/drone_control/lib/python3.10/site-packages'
[4.230s] Level 1:colcon.colcon_core.shell:create_environment_hook('drone_control', 'pythonpath')
[4.230s] INFO:colcon.colcon_core.shell:Creating environment hook '/home/monu/drone_ws/install/drone_control/share/drone_control/hook/pythonpath.ps1'
[4.231s] INFO:colcon.colcon_core.shell:Creating environment descriptor '/home/monu/drone_ws/install/drone_control/share/drone_control/hook/pythonpath.dsv'
[4.232s] INFO:colcon.colcon_core.shell:Creating environment hook '/home/monu/drone_ws/install/drone_control/share/drone_control/hook/pythonpath.sh'
[4.233s] Level 1:colcon.colcon_core.environment:checking '/home/monu/drone_ws/install/drone_control/bin'
[4.233s] Level 1:colcon.colcon_core.environment:create_environment_scripts_only(drone_control)
[4.234s] INFO:colcon.colcon_core.shell:Creating package script '/home/monu/drone_ws/install/drone_control/share/drone_control/package.ps1'
[4.235s] INFO:colcon.colcon_core.shell:Creating package descriptor '/home/monu/drone_ws/install/drone_control/share/drone_control/package.dsv'
[4.235s] INFO:colcon.colcon_core.shell:Creating package script '/home/monu/drone_ws/install/drone_control/share/drone_control/package.sh'
[4.236s] INFO:colcon.colcon_core.shell:Creating package script '/home/monu/drone_ws/install/drone_control/share/drone_control/package.bash'
[4.236s] INFO:colcon.colcon_core.shell:Creating package script '/home/monu/drone_ws/install/drone_control/share/drone_control/package.zsh'
[4.237s] Level 1:colcon.colcon_core.environment:create_file_with_runtime_dependencies(/home/monu/drone_ws/install/drone_control/share/colcon-core/packages/drone_control)
[4.237s] DEBUG:colcon.colcon_parallel_executor.executor.parallel:closing loop
[4.238s] DEBUG:colcon.colcon_parallel_executor.executor.parallel:loop closed
[4.238s] DEBUG:colcon.colcon_parallel_executor.executor.parallel:run_until_complete finished with '0'
[4.238s] DEBUG:colcon.colcon_core.event_reactor:joining thread
[4.244s] INFO:colcon.colcon_core.plugin_system:Skipping extension 'colcon_notification.desktop_notification.terminal_notifier': Not used on non-Darwin systems
[4.244s] INFO:colcon.colcon_core.plugin_system:Skipping extension 'colcon_notification.desktop_notification.win32': Not used on non-Windows systems
[4.244s] INFO:colcon.colcon_notification.desktop_notification:Sending desktop notification using 'notify2'
[4.258s] DEBUG:colcon.colcon_core.event_reactor:joined thread
[4.258s] INFO:colcon.colcon_core.shell:Creating prefix script '/home/monu/drone_ws/install/local_setup.ps1'
[4.259s] INFO:colcon.colcon_core.shell:Creating prefix util module '/home/monu/drone_ws/install/_local_setup_util_ps1.py'
[4.261s] INFO:colcon.colcon_core.shell:Creating prefix chain script '/home/monu/drone_ws/install/setup.ps1'
[4.263s] INFO:colcon.colcon_core.shell:Creating prefix script '/home/monu/drone_ws/install/local_setup.sh'
[4.263s] INFO:colcon.colcon_core.shell:Creating prefix util module '/home/monu/drone_ws/install/_local_setup_util_sh.py'
[4.264s] INFO:colcon.colcon_core.shell:Creating prefix chain script '/home/monu/drone_ws/install/setup.sh'
[4.265s] INFO:colcon.colcon_core.shell:Creating prefix script '/home/monu/drone_ws/install/local_setup.bash'
[4.266s] INFO:colcon.colcon_core.shell:Creating prefix chain script '/home/monu/drone_ws/install/setup.bash'
[4.267s] INFO:colcon.colcon_core.shell:Creating prefix script '/home/monu/drone_ws/install/local_setup.zsh'
[4.268s] INFO:colcon.colcon_core.shell:Creating prefix chain script '/home/monu/drone_ws/install/setup.zsh'
